TN:
SF:src/agent/context.ts
FNF:13
FNH:13
DA:2,97
DA:9,1
DA:11,61
DA:12,70
DA:18,44
DA:19,46
DA:20,46
DA:21,38
DA:22,28
DA:23,40
DA:24,12
DA:25,64
DA:26,34
DA:27,35
DA:33,71
DA:34,46
DA:35,46
DA:36,48
DA:37,28
DA:38,46
DA:39,26
DA:40,12
DA:41,64
DA:42,34
DA:43,35
DA:49,44
DA:50,46
DA:51,46
DA:52,38
DA:53,36
DA:54,46
DA:55,48
DA:56,12
DA:57,64
DA:58,34
DA:59,35
DA:65,46
DA:66,46
DA:67,46
DA:68,42
DA:69,28
DA:70,40
DA:71,12
DA:72,64
DA:73,35
DA:79,27
DA:80,57
DA:86,33
DA:87,67
DA:93,21
DA:94,46
DA:101,21
DA:102,105
DA:103,17
DA:104,9
DA:107,150
DA:108,156
DA:110,130
DA:111,126
DA:116,140
DA:118,70
DA:119,29
DA:121,65
DA:123,56
DA:124,66
DA:125,7
DA:126,16
DA:128,52
DA:130,9
DA:132,118
DA:138,22
DA:139,47
DA:145,38
DA:146,57
DA:148,2
LF:75
LH:75
end_of_record
TN:
SF:src/agent/loop.ts
FNF:38
FNH:38
DA:2,88
DA:3,82
DA:4,98
DA:5,106
DA:6,82
DA:7,108
DA:8,80
DA:9,88
DA:10,94
DA:11,102
DA:12,90
DA:13,98
DA:14,156
DA:15,96
DA:16,181
DA:59,1
DA:61,51
DA:62,88
DA:63,110
DA:64,72
DA:65,82
DA:66,94
DA:67,78
DA:68,86
DA:69,74
DA:70,82
DA:71,106
DA:72,134
DA:73,94
DA:74,146
DA:75,126
DA:77,70
DA:78,86
DA:79,78
DA:80,95
DA:86,26
DA:88,84
DA:89,54
DA:90,70
DA:91,14
DA:92,50
DA:95,134
DA:97,117
DA:98,61
DA:99,16
DA:101,120
DA:103,82
DA:105,64
DA:107,66
DA:109,64
DA:110,14
DA:114,130
DA:115,134
DA:116,88
DA:117,92
DA:120,112
DA:123,114
DA:126,76
DA:129,90
DA:130,52
DA:131,53
DA:132,9
DA:133,62
DA:134,58
DA:135,9
DA:138,162
DA:139,66
DA:140,76
DA:141,34
DA:142,20
DA:148,45
DA:149,46
DA:150,61
DA:151,9
DA:153,87
DA:154,137
DA:155,9
DA:157,52
DA:158,56
DA:160,22
DA:162,114
DA:163,92
DA:164,18
DA:165,70
DA:166,88
DA:167,44
DA:168,50
DA:169,2
DA:170,16
DA:172,92
DA:173,94
DA:174,13
DA:175,13
DA:178,83
DA:179,140
DA:180,162
DA:181,150
DA:183,47
DA:184,140
DA:185,79
DA:186,103
DA:187,64
DA:188,25
DA:189,62
DA:190,40
DA:191,25
DA:192,23
DA:193,21
DA:195,77
DA:196,90
DA:197,17
DA:198,56
DA:199,144
DA:200,68
DA:201,18
DA:202,70
DA:203,40
DA:204,17
DA:205,11
DA:206,39
DA:207,45
DA:208,23
DA:210,13
DA:213,94
DA:216,69
DA:217,14
DA:218,76
DA:219,69
DA:226,23
DA:227,60
DA:228,34
DA:230,77
DA:231,26
DA:233,100
DA:234,148
DA:235,120
DA:237,56
DA:238,54
DA:241,173
DA:242,86
DA:244,50
DA:246,109
DA:247,76
DA:248,132
DA:249,78
DA:250,109
DA:252,43
DA:253,79
DA:254,15
DA:255,14
DA:256,13
DA:259,88
DA:260,195
DA:263,55
DA:264,24
DA:265,13
DA:268,73
DA:269,24
DA:270,13
DA:273,122
DA:276,82
DA:277,9
DA:280,146
DA:281,66
DA:282,60
DA:283,34
DA:284,14
DA:286,70
DA:292,50
DA:293,46
DA:295,81
DA:297,104
DA:298,83
DA:299,62
DA:300,13
DA:301,66
DA:303,88
DA:304,33
DA:305,34
DA:306,91
DA:307,21
DA:308,10
DA:309,70
DA:310,91
DA:311,37
DA:312,48
DA:313,24
DA:314,35
DA:315,37
DA:316,42
DA:317,11
DA:318,36
DA:319,15
DA:320,13
DA:323,108
DA:324,80
DA:325,18
DA:326,70
DA:327,76
DA:328,44
DA:329,66
DA:330,64
DA:331,2
DA:332,16
DA:335,83
DA:336,118
DA:337,86
DA:338,38
DA:339,13
DA:340,13
DA:343,191
DA:344,66
DA:345,68
DA:346,176
DA:347,42
DA:348,20
DA:349,140
DA:350,182
DA:351,74
DA:352,96
DA:353,48
DA:354,70
DA:355,74
DA:356,84
DA:357,22
DA:358,72
DA:359,23
DA:360,13
DA:362,106
DA:363,29
DA:364,34
DA:365,101
DA:366,21
DA:367,10
DA:368,66
DA:369,91
DA:370,37
DA:371,48
DA:372,24
DA:373,35
DA:374,37
DA:375,38
DA:376,11
DA:377,32
DA:378,15
DA:379,13
DA:382,70
DA:385,126
DA:388,82
DA:391,122
DA:394,133
DA:395,156
DA:396,70
DA:397,70
DA:398,44
DA:399,66
DA:400,70
DA:401,66
DA:402,18
DA:404,50
DA:405,9
DA:407,41
DA:413,43
DA:414,124
DA:415,154
DA:416,46
DA:417,40
DA:418,64
DA:419,86
DA:420,84
DA:421,115
DA:422,42
DA:423,82
DA:424,68
DA:425,19
DA:426,139
DA:427,42
DA:428,70
DA:429,38
DA:430,91
DA:431,50
DA:432,72
DA:433,17
DA:434,19
DA:435,59
DA:436,67
DA:438,79
DA:439,105
DA:441,67
DA:442,85
DA:443,90
DA:444,76
DA:445,72
DA:446,51
DA:447,53
DA:448,23
DA:450,12
DA:452,144
DA:454,89
DA:455,162
DA:456,9
DA:458,39
DA:464,51
DA:465,114
DA:466,54
DA:468,76
DA:469,110
DA:471,30
DA:473,17
DA:474,9
DA:477,95
DA:478,140
DA:481,156
DA:482,86
DA:483,208
DA:485,22
DA:486,69
DA:487,14
DA:488,81
DA:490,30
DA:496,30
DA:497,52
DA:503,20
DA:504,54
DA:510,26
DA:511,45
DA:517,24
DA:518,77
DA:524,25
DA:525,77
DA:531,27
DA:532,85
DA:538,29
DA:539,93
DA:545,42
DA:546,98
DA:547,124
DA:553,28
DA:554,49
DA:560,28
DA:561,49
DA:567,33
DA:568,48
DA:574,28
DA:575,72
DA:576,59
DA:577,106
DA:578,9
DA:579,69
DA:580,116
DA:581,9
DA:587,49
DA:588,42
DA:590,59
DA:591,68
DA:592,9
DA:593,69
DA:594,78
DA:595,9
DA:597,69
DA:598,96
DA:599,82
DA:600,70
DA:601,100
DA:602,48
DA:603,9
DA:605,115
DA:611,47
DA:612,108
DA:614,46
DA:615,42
DA:616,44
DA:617,46
DA:618,42
DA:619,58
DA:620,66
DA:621,70
DA:622,62
DA:623,42
DA:624,62
DA:625,72
DA:626,12
DA:628,62
DA:629,63
DA:630,86
DA:631,62
DA:632,68
DA:633,41
DA:634,124
DA:635,16
DA:636,35
DA:638,9
DA:640,91
DA:646,40
DA:647,115
DA:648,70
DA:649,107
DA:650,87
DA:651,62
DA:652,13
DA:653,13
DA:654,43
DA:655,9
DA:656,111
DA:659,44
DA:660,104
DA:661,70
DA:662,139
DA:665,37
DA:666,104
DA:667,68
DA:668,82
DA:670,2
LF:413
LH:413
end_of_record
TN:
SF:src/client.ts
FNF:27
FNH:27
DA:2,88
DA:3,82
DA:4,129
DA:20,1
DA:22,13
DA:23,10
DA:24,18
DA:32,10
DA:34,40
DA:36,114
DA:37,80
DA:38,98
DA:39,72
DA:40,136
DA:41,120
DA:43,118
DA:45,160
DA:46,64
DA:47,40
DA:48,32
DA:49,84
DA:50,94
DA:51,57
DA:52,109
DA:53,48
DA:54,28
DA:56,71
DA:58,189
DA:60,83
DA:61,92
DA:62,60
DA:63,70
DA:64,86
DA:65,27
DA:67,19
DA:73,26
DA:74,68
DA:75,86
DA:76,68
DA:77,135
DA:78,118
DA:79,92
DA:80,9
DA:81,56
DA:82,90
DA:83,84
DA:84,82
DA:85,20
DA:91,34
DA:92,59
DA:93,56
DA:94,9
DA:96,100
DA:98,22
DA:99,80
DA:102,92
DA:103,104
DA:104,81
DA:105,80
DA:106,114
DA:107,99
DA:108,104
DA:109,94
DA:110,110
DA:111,22
DA:112,13
DA:113,13
DA:116,49
DA:117,42
DA:118,123
DA:119,152
DA:120,105
DA:121,40
DA:122,19
DA:126,27
DA:127,50
DA:128,60
DA:129,64
DA:130,84
DA:131,34
DA:132,14
DA:138,39
DA:139,78
DA:145,39
DA:146,83
DA:152,24
DA:153,59
DA:154,56
DA:155,9
DA:156,69
DA:162,25
DA:163,52
DA:164,28
DA:165,9
DA:166,66
DA:172,20
DA:173,102
DA:174,44
DA:180,26
DA:181,76
DA:182,46
DA:188,28
DA:189,71
DA:195,28
DA:196,80
DA:202,27
DA:203,52
DA:204,28
DA:205,9
DA:206,70
DA:212,29
DA:213,73
DA:219,33
DA:220,70
DA:221,46
DA:222,90
DA:228,22
DA:229,37
DA:235,28
DA:236,49
DA:242,27
DA:243,56
DA:245,2
LF:123
LH:123
end_of_record
TN:
SF:src/commands/builtin.ts
FNF:54
FNH:52
DA:3,66
DA:4,118
DA:5,126
DA:6,82
DA:9,47
DA:14,47
DA:15,36
DA:16,38
DA:17,40
DA:18,38
DA:19,52
DA:20,7
DA:25,39
DA:26,92
DA:27,82
DA:28,78
DA:29,86
DA:30,84
DA:31,84
DA:32,86
DA:33,84
DA:34,80
DA:35,80
DA:36,82
DA:37,96
DA:38,84
DA:39,78
DA:40,76
DA:41,84
DA:42,88
DA:43,92
DA:44,80
DA:50,42
DA:51,84
DA:57,29
DA:58,65
DA:64,39
DA:65,28
DA:66,38
DA:67,102
DA:68,40
DA:69,48
DA:70,36
DA:71,78
DA:72,92
DA:73,76
DA:74,74
DA:76,77
DA:77,59
DA:78,86
DA:79,39
DA:80,101
DA:82,17
DA:84,124
DA:85,120
DA:86,56
DA:87,54
DA:89,106
DA:91,79
DA:92,92
DA:93,91
DA:94,96
DA:95,86
DA:96,110
DA:97,21
DA:98,44
DA:99,17
DA:101,77
DA:102,88
DA:103,89
DA:104,94
DA:105,86
DA:106,110
DA:107,21
DA:108,44
DA:109,17
DA:111,62
DA:112,146
DA:113,142
DA:114,126
DA:116,76
DA:117,58
DA:118,65
DA:120,9
DA:126,28
DA:127,28
DA:128,40
DA:129,128
DA:130,40
DA:131,48
DA:132,36
DA:133,78
DA:134,64
DA:135,80
DA:136,82
DA:137,80
DA:138,140
DA:139,58
DA:140,115
DA:142,9
DA:148,26
DA:149,28
DA:150,36
DA:151,92
DA:152,40
DA:153,48
DA:154,36
DA:155,78
DA:156,64
DA:157,80
DA:158,82
DA:159,80
DA:160,118
DA:161,58
DA:162,115
DA:164,9
DA:170,27
DA:171,28
DA:172,38
DA:173,66
DA:174,40
DA:175,48
DA:176,36
DA:177,78
DA:178,82
DA:179,58
DA:181,89
DA:183,9
DA:189,30
DA:190,28
DA:191,44
DA:192,136
DA:193,40
DA:194,48
DA:195,36
DA:196,78
DA:199,64
DA:201,59
DA:202,62
DA:203,101
DA:204,17
DA:206,76
DA:207,77
DA:208,62
DA:209,147
DA:210,17
DA:213,58
DA:214,111
DA:216,9
DA:222,29
DA:223,28
DA:224,42
DA:225,76
DA:226,40
DA:227,48
DA:228,36
DA:229,78
DA:230,76
DA:231,178
DA:233,80
DA:234,132
DA:235,136
DA:236,258
DA:239,58
DA:240,142
DA:241,188
DA:242,92
DA:244,76
DA:245,58
DA:246,65
DA:248,9
DA:254,41
DA:255,28
DA:256,42
DA:257,86
DA:258,40
DA:259,48
DA:260,36
DA:261,78
DA:262,90
DA:263,192
DA:265,87
DA:266,82
DA:267,144
DA:268,35
DA:269,97
DA:270,149
DA:271,140
DA:272,21
DA:273,149
DA:276,76
DA:277,58
DA:278,65
DA:280,9
DA:286,29
DA:287,28
DA:288,42
DA:289,130
DA:290,40
DA:291,48
DA:292,36
DA:293,78
DA:294,76
DA:295,178
DA:297,86
DA:298,118
DA:299,116
DA:300,124
DA:301,132
DA:303,76
DA:304,136
DA:305,140
DA:306,262
DA:308,127
DA:309,172
DA:310,172
DA:311,17
DA:314,58
DA:315,142
DA:316,188
DA:317,96
DA:319,76
DA:320,58
DA:321,65
DA:323,9
DA:329,30
DA:330,28
DA:331,44
DA:332,132
DA:333,40
DA:334,50
DA:335,712
DA:342,9
DA:348,29
DA:349,28
DA:350,42
DA:351,96
DA:352,40
DA:353,48
DA:354,36
DA:355,78
DA:356,62
DA:357,112
DA:358,124
DA:359,90
DA:360,20
DA:362,84
DA:363,96
DA:364,85
DA:365,84
DA:366,115
DA:367,17
DA:369,136
DA:370,152
DA:372,94
DA:373,156
DA:374,146
DA:376,76
DA:377,58
DA:378,65
DA:380,9
DA:386,27
DA:387,28
DA:388,38
DA:389,146
DA:390,40
DA:391,48
DA:392,36
DA:393,78
DA:394,138
DA:397,104
DA:400,1220
DA:428,118
DA:429,81
DA:430,102
DA:431,17
DA:433,94
DA:434,90
DA:435,90
DA:436,68
DA:437,132
DA:438,128
DA:439,130
DA:441,76
DA:442,58
DA:443,65
DA:445,9
DA:451,27
DA:452,28
DA:453,38
DA:454,124
DA:455,40
DA:456,48
DA:457,36
DA:458,78
DA:459,76
DA:462,86
DA:463,92
DA:465,88
DA:466,92
DA:467,98
DA:470,78
DA:471,89
DA:472,71
DA:473,19
DA:475,102
DA:476,202
DA:477,208
DA:478,116
DA:480,65
DA:481,130
DA:482,17
DA:484,116
DA:486,76
DA:487,58
DA:488,65
DA:490,9
DA:496,28
DA:497,28
DA:498,40
DA:499,104
DA:500,40
DA:501,48
DA:502,36
DA:503,78
DA:504,92
DA:505,158
DA:506,104
DA:507,94
DA:508,130
DA:510,76
DA:511,58
DA:512,65
DA:514,9
DA:520,29
DA:521,28
DA:522,42
DA:523,128
DA:524,40
DA:525,50
DA:526,702
DA:534,9
DA:540,26
DA:541,28
DA:542,36
DA:543,96
DA:544,40
DA:545,50
DA:546,502
DA:555,9
DA:561,25
DA:562,28
DA:563,34
DA:564,126
DA:565,40
DA:566,50
DA:567,708
DA:579,9
DA:585,29
DA:586,28
DA:587,42
DA:588,104
DA:589,40
DA:590,50
DA:591,832
DA:601,9
DA:607,33
DA:608,28
DA:609,50
DA:610,128
DA:611,40
DA:612,48
DA:613,36
DA:614,78
DA:615,112
DA:618,59
DA:619,48
DA:620,103
DA:621,123
DA:622,62
DA:623,23
DA:624,21
DA:625,21
DA:627,57
DA:628,152
DA:629,162
DA:630,66
DA:631,59
DA:632,21
DA:635,116
DA:636,98
DA:637,122
DA:640,34
DA:641,202
DA:642,83
DA:643,132
DA:644,213
DA:645,99
DA:646,142
DA:647,25
DA:648,22
DA:649,90
DA:651,19
DA:652,79
DA:655,94
DA:656,101
DA:657,116
DA:658,21
DA:660,68
DA:661,206
DA:662,146
DA:664,80
DA:665,62
DA:666,57
DA:667,17
DA:670,98
DA:672,95
DA:673,88
DA:674,96
DA:675,134
DA:676,156
DA:677,35
DA:679,60
DA:680,113
DA:681,68
DA:682,66
DA:683,38
DA:684,129
DA:685,206
DA:686,32
DA:688,102
DA:689,168
DA:690,56
DA:691,34
DA:693,63
DA:694,76
DA:695,29
DA:697,87
DA:698,46
DA:699,140
DA:700,125
DA:701,25
DA:702,63
DA:704,27
DA:705,21
DA:706,44
DA:707,30
DA:708,63
DA:709,76
DA:710,50
DA:712,64
DA:713,21
DA:715,114
DA:716,114
DA:718,127
DA:719,104
DA:720,78
DA:721,110
DA:722,182
DA:723,21
DA:725,152
DA:726,190
DA:727,74
DA:728,158
DA:729,177
DA:732,76
DA:733,58
DA:734,65
DA:736,9
DA:742,31
DA:743,28
DA:744,46
DA:745,132
DA:746,40
DA:747,48
DA:748,36
DA:749,78
DA:750,110
DA:753,60
DA:754,54
DA:755,62
DA:756,58
DA:757,46
DA:758,78
DA:759,126
DA:760,20
DA:763,116
DA:766,534
DA:786,74
DA:787,168
DA:788,88
DA:789,214
DA:797,56
DA:798,48
DA:800,133
DA:801,64
DA:802,46
DA:803,147
DA:804,44
DA:805,31
DA:806,35
DA:807,74
DA:808,74
DA:812,158
DA:813,110
DA:814,106
DA:815,45
DA:816,104
DA:817,17
DA:820,86
DA:821,66
DA:823,122
DA:829,37
DA:830,62
DA:831,34
DA:833,81
DA:834,57
DA:835,55
DA:836,25
DA:837,54
DA:838,11
DA:839,39
DA:840,17
DA:843,30
DA:844,98
DA:845,66
DA:847,108
DA:849,134
DA:850,172
DA:851,124
DA:852,202
DA:854,79
DA:855,34
DA:856,92
DA:857,160
DA:858,94
DA:859,126
DA:860,160
DA:861,126
DA:863,93
DA:866,58
DA:867,65
DA:869,8
DA:871,2
LF:544
LH:544
end_of_record
TN:
SF:src/commands/executor.ts
FNF:12
FNH:12
DA:14,1
DA:16,39
DA:17,50
DA:24,38
DA:25,66
DA:28,73
DA:29,27
DA:30,9
DA:33,114
DA:34,30
DA:35,16
DA:36,9
DA:38,28
DA:39,42
DA:40,48
DA:41,9
DA:47,35
DA:48,92
DA:54,51
DA:55,88
DA:57,32
DA:58,30
DA:59,9
DA:61,112
DA:63,41
DA:65,198
DA:66,54
DA:67,53
DA:68,9
DA:71,101
DA:72,93
DA:73,9
DA:76,150
DA:78,28
DA:79,42
DA:80,20
DA:81,15
DA:89,73
DA:90,68
DA:93,162
DA:96,136
DA:98,41
DA:105,60
DA:106,72
DA:107,60
DA:109,65
DA:110,68
DA:112,75
DA:114,96
DA:115,122
DA:116,102
DA:117,31
DA:118,73
DA:120,9
DA:122,73
DA:128,52
DA:129,22
DA:130,114
DA:131,24
DA:132,46
DA:133,40
DA:134,18
DA:136,104
DA:137,82
DA:138,76
DA:139,18
DA:141,82
DA:143,68
DA:144,50
DA:145,13
DA:147,81
DA:148,21
DA:149,86
DA:156,44
DA:157,73
DA:158,23
DA:159,9
DA:161,96
DA:162,80
DA:164,1
LF:80
LH:80
end_of_record
TN:
SF:src/commands/index.ts
FNF:1
FNH:1
DA:1,24
DA:2,41
DA:3,45
DA:4,43
LF:4
LH:4
end_of_record
TN:
SF:src/commands/loader.ts
FNF:17
FNH:17
DA:1,120
DA:2,104
DA:3,67
DA:20,1
DA:22,33
DA:23,77
DA:29,23
DA:30,52
DA:33,128
DA:34,144
DA:35,118
DA:36,108
DA:39,122
DA:40,118
DA:46,81
DA:47,74
DA:49,74
DA:51,71
DA:52,80
DA:53,76
DA:55,65
DA:57,105
DA:58,128
DA:59,124
DA:61,138
DA:62,47
DA:63,98
DA:64,13
DA:65,10
DA:66,15
DA:72,63
DA:73,22
DA:74,108
DA:75,134
DA:78,98
DA:79,167
DA:81,118
DA:82,107
DA:83,123
DA:84,75
DA:85,129
DA:86,31
DA:88,32
DA:89,26
DA:90,148
DA:91,62
DA:92,42
DA:93,44
DA:94,34
DA:95,40
DA:96,9
DA:97,21
DA:98,71
DA:99,24
DA:106,46
DA:107,142
DA:108,100
DA:110,37
DA:111,87
DA:112,9
DA:114,80
DA:115,54
DA:118,80
DA:119,65
DA:120,86
DA:121,88
DA:123,102
DA:124,104
DA:127,117
DA:128,96
DA:129,138
DA:130,31
DA:132,104
DA:133,102
DA:134,35
DA:135,17
DA:136,71
DA:138,9
DA:140,89
DA:146,38
DA:147,90
DA:153,34
DA:154,67
DA:160,27
DA:161,89
DA:167,34
DA:168,67
DA:174,42
DA:175,80
DA:176,83
DA:177,88
DA:178,89
DA:179,8
DA:181,2
LF:94
LH:94
end_of_record
TN:
SF:src/commands/types.ts
FNF:0
FNH:0
LF:0
LH:0
end_of_record
TN:
SF:src/config.ts
FNF:18
FNH:18
DA:1,33
DA:2,34
DA:5,25
DA:6,10
DA:7,26
DA:8,38
DA:9,17
DA:10,4
DA:11,12
DA:12,19
DA:13,12
DA:14,26
DA:15,25
DA:16,18
DA:17,6
DA:18,12
DA:19,29
DA:20,18
DA:21,30
DA:22,3
DA:23,4
DA:24,17
DA:25,13
DA:26,18
DA:27,12
DA:28,21
DA:29,13
DA:30,9
DA:31,2
DA:32,1
DA:34,20
DA:35,30
DA:37,50
DA:38,8
DA:39,24
DA:40,25
DA:41,69
DA:42,15
DA:43,31
DA:44,32
DA:45,85
DA:46,6
DA:47,15
DA:48,31
DA:49,32
DA:50,91
DA:51,75
DA:52,6
DA:53,16
DA:54,32
DA:55,33
DA:56,83
DA:57,68
DA:58,3
DA:59,1
DA:60,2
DA:62,15
DA:63,12
DA:64,13
DA:65,15
DA:66,18
DA:67,22
DA:68,6
DA:69,23
DA:70,55
DA:71,43
DA:72,37
DA:73,2
DA:79,11
DA:80,42
DA:81,37
DA:82,15
DA:83,2
DA:84,62
DA:85,63
DA:86,32
DA:92,19
DA:93,38
DA:99,30
DA:100,28
DA:107,29
DA:108,37
DA:111,56
DA:112,56
DA:113,56
DA:116,76
DA:117,62
DA:118,59
DA:121,80
DA:122,58
DA:123,57
DA:125,14
DA:131,29
DA:132,19
DA:135,52
DA:136,54
DA:137,26
DA:138,37
DA:139,2
DA:142,72
DA:143,60
DA:144,29
DA:145,40
DA:146,2
DA:148,12
DA:154,20
DA:155,60
DA:156,26
DA:157,23
DA:158,4
DA:159,34
DA:160,1
DA:166,9
DA:167,9
DA:168,32
DA:169,32
DA:170,11
DA:171,4
DA:172,25
DA:173,11
DA:174,12
DA:181,19
DA:182,48
DA:183,35
DA:186,18
DA:187,42
DA:188,60
DA:189,58
DA:190,53
DA:191,4
DA:194,19
DA:195,76
DA:196,2
DA:198,26
DA:204,20
DA:205,47
DA:213,29
DA:214,21
DA:217,54
DA:218,60
DA:219,22
DA:220,29
DA:221,2
DA:224,72
DA:225,62
DA:226,23
DA:227,30
DA:228,2
DA:230,30
DA:231,11
DA:232,2
DA:234,26
DA:240,9
DA:241,9
DA:242,32
DA:243,32
DA:244,11
DA:245,4
DA:246,25
DA:247,11
DA:248,11
LF:161
LH:161
end_of_record
TN:
SF:src/hooks/executor.ts
FNF:13
FNH:12
DA:6,12
DA:10,22
DA:11,33
DA:12,11
DA:13,4
DA:15,38
DA:17,58
DA:18,15
DA:19,6
DA:22,42
DA:23,59
DA:26,51
DA:27,13
DA:28,8
DA:31,42
DA:32,13
DA:33,6
DA:34,4
DA:35,4
DA:37,13
DA:43,22
DA:45,57
DA:46,11
DA:47,4
DA:50,14
DA:52,42
DA:53,23
DA:54,24
DA:55,29
DA:56,32
DA:57,10
DA:58,23
DA:59,29
DA:60,10
DA:61,21
DA:62,29
DA:63,5
DA:65,4
DA:68,18
DA:69,11
DA:70,4
DA:73,11
DA:74,47
DA:75,25
DA:76,13
DA:78,25
DA:85,18
DA:86,42
DA:88,11
DA:89,32
DA:90,20
DA:91,63
DA:92,19
DA:93,62
DA:94,18
DA:95,74
DA:97,12
DA:99,21
DA:100,52
DA:101,13
DA:108,1
DA:109,6
DA:110,7
DA:111,8
DA:112,5
DA:113,38
DA:115,11
DA:117,62
DA:118,22
DA:119,23
DA:120,20
DA:121,9
DA:124,72
DA:125,34
DA:126,23
DA:129,61
DA:131,52
DA:132,41
DA:133,38
DA:134,9
DA:136,30
DA:138,41
DA:141,28
DA:142,15
DA:143,33
DA:144,17
DA:146,59
DA:148,6
DA:151,28
DA:152,18
DA:153,26
DA:154,54
DA:155,1
DA:156,6
DA:159,12
DA:160,21
DA:161,50
DA:162,13
DA:169,1
DA:170,6
DA:171,7
DA:172,8
DA:173,5
DA:174,37
DA:178,47
DA:179,13
DA:185,1
DA:186,6
DA:187,7
DA:188,8
DA:189,5
DA:190,37
DA:194,46
DA:195,13
LF:114
LH:114
end_of_record
TN:
SF:src/hooks/loader.ts
FNF:7
FNH:7
DA:7,1
DA:9,27
DA:10,40
DA:16,32
DA:17,48
DA:23,33
DA:24,125
DA:25,65
DA:26,58
DA:27,13
DA:28,80
DA:29,9
DA:35,34
DA:36,67
DA:42,27
DA:43,55
DA:49,34
DA:50,72
DA:51,99
DA:57,21
DA:58,39
DA:60,1
LF:22
LH:22
end_of_record
TN:
SF:src/llm/anthropic.ts
FNF:9
FNH:9
DA:1,84
DA:2,102
DA:3,68
DA:4,65
DA:12,41
DA:13,124
DA:14,140
DA:15,96
DA:16,67
DA:17,22
DA:18,114
DA:19,182
DA:20,39
DA:21,37
DA:22,7
DA:23,10
DA:26,3
DA:27,9
DA:36,1
DA:38,39
DA:39,186
DA:41,32
DA:42,16
DA:43,162
DA:46,6
DA:47,9
DA:49,88
DA:50,60
DA:51,92
DA:54,24
DA:55,48
DA:58,6
DA:59,20
DA:60,14
DA:61,27
DA:62,10
DA:64,122
DA:67,117
DA:69,22
DA:70,46
DA:71,97
DA:72,57
DA:73,71
DA:75,104
DA:76,52
DA:77,70
DA:78,62
DA:79,72
DA:80,54
DA:81,18
DA:83,66
DA:84,58
DA:86,85
DA:87,105
DA:88,115
DA:89,66
DA:90,82
DA:91,84
DA:92,28
DA:93,58
DA:94,17
DA:95,118
DA:96,103
DA:97,42
DA:98,54
DA:99,74
DA:100,24
DA:101,128
DA:102,104
DA:103,18
DA:104,116
DA:105,159
DA:106,38
DA:107,162
DA:108,42
DA:109,103
DA:111,42
DA:112,62
DA:113,74
DA:114,28
DA:115,70
DA:116,58
DA:117,17
DA:118,104
DA:119,62
DA:120,14
DA:121,13
DA:124,110
DA:125,65
DA:126,34
DA:127,48
DA:128,40
DA:129,114
DA:130,118
DA:131,184
DA:132,68
DA:133,18
DA:134,16
DA:135,12
DA:136,42
DA:137,30
DA:138,44
DA:139,116
DA:140,22
DA:144,47
DA:145,44
DA:148,76
DA:150,69
DA:151,96
DA:154,32
DA:158,18
DA:161,51
DA:162,112
DA:163,13
DA:166,111
DA:167,97
DA:168,52
DA:169,58
DA:170,56
DA:171,64
DA:172,62
DA:173,26
DA:174,86
DA:175,13
DA:176,13
DA:180,59
DA:181,105
DA:183,125
DA:184,56
DA:185,68
DA:186,98
DA:187,84
DA:188,80
DA:189,30
DA:190,116
DA:191,17
DA:193,13
DA:194,13
DA:196,65
DA:197,46
DA:198,125
DA:199,30
DA:200,18
DA:201,9
DA:202,9
DA:204,33
DA:207,38
DA:208,69
DA:209,44
DA:210,72
DA:211,46
DA:212,46
DA:213,94
DA:214,80
DA:215,10
DA:216,12
DA:219,38
DA:220,1026
DA:234,86
DA:236,2
LF:160
LH:160
end_of_record
TN:
SF:src/llm/client.ts
FNF:2
FNH:2
DA:25,16
DA:26,41
DA:27,60
DA:28,34
DA:29,2
DA:31,63
LF:6
LH:6
end_of_record
TN:
SF:src/logger.ts
FNF:17
FNH:17
DA:1,212
DA:2,66
DA:3,80
DA:20,1
DA:22,45
DA:23,62
DA:24,94
DA:25,64
DA:27,112
DA:28,104
DA:31,31
DA:32,57
DA:33,80
DA:34,9
DA:37,61
DA:38,42
DA:39,84
DA:40,24
DA:41,28
DA:42,16
DA:43,12
DA:45,76
DA:46,24
DA:47,58
DA:48,24
DA:50,22
DA:51,80
DA:52,16
DA:57,47
DA:58,78
DA:61,46
DA:62,76
DA:65,46
DA:66,76
DA:69,47
DA:70,77
DA:72,2
DA:77,60
DA:78,28
DA:79,28
DA:80,23
DA:82,45
DA:83,62
DA:84,112
DA:85,74
DA:86,134
DA:89,31
DA:90,57
DA:91,80
DA:92,9
DA:95,18
DA:100,10
DA:101,22
DA:102,136
DA:103,16
DA:108,28
DA:109,49
DA:115,20
DA:116,22
DA:117,107
DA:118,123
DA:119,13
DA:120,37
DA:127,28
DA:128,114
DA:129,87
DA:131,48
DA:132,86
DA:134,65
DA:135,100
DA:136,26
DA:137,98
DA:138,80
DA:139,136
DA:140,50
DA:141,80
DA:142,54
DA:143,78
DA:144,78
DA:145,102
DA:146,20
DA:147,16
DA:150,9
DA:153,61
DA:154,129
DA:155,23
DA:161,32
DA:162,102
DA:163,73
DA:169,45
DA:170,114
DA:171,126
DA:173,22
DA:174,97
DA:175,113
DA:176,13
DA:177,22
DA:180,2
DA:206,45
DA:207,66
DA:208,36
DA:209,24
DA:210,60
DA:211,52
DA:212,50
DA:213,8
DA:215,57
DA:216,57
DA:217,80
DA:218,5
DA:219,4
LF:111
LH:111
end_of_record
TN:
SF:src/memory/sessions.ts
FNF:11
FNH:11
DA:1,76
DA:2,66
DA:3,68
DA:5,97
DA:11,1
DA:13,39
DA:14,128
DA:15,144
DA:16,130
DA:17,102
DA:18,44
DA:24,26
DA:25,378
DA:32,12
DA:34,654
DA:45,12
DA:47,190
DA:49,12
DA:55,38
DA:56,46
DA:57,46
DA:58,46
DA:59,46
DA:60,38
DA:61,24
DA:62,12
DA:64,24
DA:65,166
DA:66,164
DA:67,12
DA:69,35
DA:75,37
DA:76,54
DA:77,12
DA:80,78
DA:81,38
DA:83,74
DA:85,56
DA:86,12
DA:96,132
DA:97,38
DA:99,99
DA:100,34
DA:101,42
DA:102,54
DA:103,62
DA:104,143
DA:105,149
DA:106,15
DA:108,28
DA:109,48
DA:110,78
DA:111,78
DA:112,30
DA:113,106
DA:114,9
DA:120,62
DA:121,24
DA:122,256
DA:124,14
DA:125,34
DA:126,32
DA:127,38
DA:128,44
DA:129,48
DA:130,131
DA:131,133
DA:132,2
DA:133,12
DA:135,174
DA:141,40
DA:142,42
DA:143,12
DA:146,118
DA:147,30
DA:149,65
DA:150,34
DA:151,64
DA:152,64
DA:153,38
DA:154,92
DA:155,12
DA:161,40
DA:162,148
DA:163,132
DA:169,25
DA:170,40
DA:171,132
DA:172,20
DA:174,77
DA:180,21
DA:181,39
DA:183,2
LF:93
LH:93
end_of_record
TN:
SF:src/memory/store.ts
FNF:10
FNH:10
DA:1,76
DA:2,66
DA:3,67
DA:9,1
DA:11,39
DA:12,128
DA:13,144
DA:14,130
DA:15,102
DA:16,44
DA:22,26
DA:23,378
DA:30,12
DA:32,654
DA:43,12
DA:45,190
DA:47,12
DA:49,442
DA:57,12
DA:63,53
DA:64,54
DA:65,95
DA:66,86
DA:68,24
DA:69,240
DA:73,72
DA:74,12
DA:80,25
DA:81,40
DA:82,12
DA:83,104
DA:84,4
DA:85,26
DA:87,60
DA:90,115
DA:91,46
DA:92,27
DA:93,9
DA:95,63
DA:101,28
DA:102,118
DA:108,25
DA:109,65
DA:115,34
DA:116,47
DA:117,87
DA:118,57
DA:120,45
DA:121,107
DA:122,61
DA:124,63
DA:130,28
DA:131,208
DA:132,28
DA:133,14
DA:134,49
DA:140,21
DA:141,39
DA:143,2
LF:59
LH:59
end_of_record
TN:
SF:src/sessions/registry.ts
FNF:25
FNH:25
DA:3,85
DA:37,1
DA:39,53
DA:40,157
DA:46,35
DA:47,86
DA:48,60
DA:50,54
DA:51,64
DA:52,20
DA:53,56
DA:54,56
DA:55,52
DA:56,20
DA:57,12
DA:60,65
DA:61,89
DA:62,12
DA:64,65
DA:65,107
DA:66,109
DA:67,48
DA:68,13
DA:69,10
DA:70,12
DA:72,102
DA:73,92
DA:76,83
DA:77,84
DA:78,9
DA:80,44
DA:86,59
DA:87,98
DA:88,39
DA:89,74
DA:92,173
DA:93,70
DA:94,9
DA:95,9
DA:97,86
DA:99,53
DA:100,22
DA:101,5
DA:102,27
DA:104,108
DA:105,41
DA:106,50
DA:107,23
DA:114,33
DA:115,69
DA:116,89
DA:117,9
DA:119,72
DA:120,11
DA:121,9
DA:123,60
DA:126,90
DA:127,79
DA:128,73
DA:129,109
DA:130,48
DA:131,13
DA:132,13
DA:134,68
DA:135,10
DA:141,28
DA:142,93
DA:143,69
DA:144,9
DA:150,32
DA:151,90
DA:152,61
DA:158,34
DA:159,61
DA:165,30
DA:166,79
DA:172,35
DA:173,82
DA:174,103
DA:180,31
DA:181,57
DA:187,32
DA:188,84
DA:189,39
DA:190,68
DA:191,62
DA:192,70
DA:195,83
DA:196,92
DA:197,141
DA:198,9
DA:199,9
DA:205,24
DA:206,105
DA:207,64
DA:208,9
DA:209,52
DA:210,60
DA:211,64
DA:217,39
DA:218,78
DA:224,39
DA:225,78
DA:231,61
DA:232,84
DA:233,39
DA:234,84
DA:235,70
DA:236,9
DA:242,36
DA:243,105
DA:244,69
DA:245,29
DA:246,5
DA:247,9
DA:248,31
DA:254,47
DA:255,97
DA:256,107
DA:257,8
DA:259,2
LF:121
LH:121
end_of_record
TN:
SF:src/skills/executor.ts
FNF:6
FNH:6
DA:1,36
DA:3,52
DA:8,28
DA:9,5
DA:14,18
DA:15,32
DA:18,49
DA:21,68
DA:22,46
DA:23,4
DA:26,72
DA:28,16
DA:35,29
DA:36,44
DA:37,59
DA:39,32
DA:40,14
DA:41,4
DA:44,44
DA:45,25
DA:47,35
DA:48,33
DA:49,31
DA:51,13
DA:55,61
DA:56,72
DA:57,57
DA:58,23
DA:60,62
DA:61,78
DA:63,4
DA:65,15
DA:71,26
DA:72,40
DA:73,12
DA:74,4
DA:77,66
DA:78,64
DA:80,23
DA:81,38
DA:82,66
DA:83,19
DA:84,4
DA:85,4
DA:88,23
DA:90,1
LF:46
LH:46
end_of_record
TN:
SF:src/skills/loader.ts
FNF:11
FNH:10
DA:1,104
DA:2,68
DA:3,58
DA:5,99
DA:10,39
DA:11,42
DA:16,75
DA:18,128
DA:19,146
DA:20,124
DA:21,96
DA:24,134
DA:25,102
DA:28,128
DA:29,161
DA:30,106
DA:31,15
DA:38,39
DA:39,22
DA:41,102
DA:42,26
DA:43,76
DA:44,91
DA:45,30
DA:46,32
DA:50,58
DA:53,118
DA:54,139
DA:55,80
DA:56,13
DA:59,98
DA:60,131
DA:62,94
DA:63,91
DA:64,84
DA:65,13
DA:66,13
DA:69,54
DA:70,81
DA:71,94
DA:72,13
DA:73,68
DA:74,22
DA:82,45
DA:83,22
DA:84,108
DA:85,164
DA:88,100
DA:89,94
DA:92,108
DA:93,91
DA:94,120
DA:95,130
DA:96,13
DA:98,118
DA:99,46
DA:100,89
DA:101,52
DA:102,95
DA:103,90
DA:104,96
DA:105,17
DA:106,67
DA:107,60
DA:108,13
DA:109,112
DA:110,52
DA:111,117
DA:112,74
DA:113,96
DA:114,17
DA:115,67
DA:116,60
DA:117,13
DA:118,14
DA:120,118
DA:121,107
DA:122,71
DA:123,75
DA:124,35
DA:125,31
DA:127,46
DA:128,26
DA:129,40
DA:130,42
DA:131,42
DA:132,144
DA:133,126
DA:134,66
DA:135,74
DA:136,66
DA:137,66
DA:138,66
DA:139,28
DA:140,16
DA:142,70
DA:143,32
DA:144,42
DA:145,138
DA:146,35
DA:153,32
DA:154,63
DA:160,25
DA:161,85
DA:167,38
DA:168,72
DA:169,52
DA:170,69
DA:171,87
DA:172,58
DA:173,9
DA:174,9
DA:175,41
DA:181,36
DA:182,72
DA:183,86
DA:185,132
DA:186,69
DA:187,133
DA:188,128
DA:189,9
DA:190,48
DA:192,2
LF:123
LH:123
end_of_record
TN:
SF:src/tools/bash.ts
FNF:4
FNH:3
DA:7,47
DA:8,24
DA:9,34
DA:10,416
DA:11,38
DA:12,42
DA:13,42
DA:14,40
DA:15,50
DA:16,154
DA:17,20
DA:18,32
DA:19,50
DA:20,134
DA:21,20
DA:22,40
DA:23,50
DA:24,126
DA:25,14
DA:26,16
DA:27,50
DA:28,6
DA:29,22
DA:32,48
DA:34,108
DA:36,88
DA:38,78
DA:40,98
DA:42,188
DA:44,22
DA:46,218
DA:48,30
DA:50,158
DA:51,22
DA:54,48
DA:56,92
DA:58,52
DA:60,96
DA:62,86
DA:64,136
DA:65,126
DA:66,98
DA:67,154
DA:69,176
DA:70,40
DA:71,112
DA:72,78
DA:73,104
DA:75,64
DA:76,108
DA:78,68
DA:80,48
DA:82,98
DA:84,122
DA:86,72
DA:88,92
DA:90,62
DA:92,76
DA:93,22
DA:95,58
DA:96,68
DA:97,86
DA:98,86
DA:101,103
DA:102,71
DA:103,269
DA:104,9
DA:105,9
DA:108,112
DA:109,52
DA:110,103
DA:111,125
DA:112,50
DA:113,17
DA:114,9
DA:115,9
DA:117,45
DA:118,353
DA:119,9
DA:121,22
DA:122,114
DA:123,24
DA:124,46
DA:125,40
DA:126,18
DA:129,57
DA:131,30
DA:132,41
DA:134,14
DA:135,16
DA:137,104
DA:138,82
DA:139,76
DA:140,18
DA:142,60
DA:144,82
DA:146,57
DA:147,119
DA:148,13
DA:150,143
DA:151,21
DA:152,87
DA:155,1
LF:103
LH:103
end_of_record
TN:
SF:src/tools/connector.ts
FNF:20
FNH:19
DA:3,53
DA:4,88
DA:5,96
DA:10,62
DA:11,60
DA:12,35
DA:14,26
DA:15,128
DA:16,124
DA:22,42
DA:23,70
DA:24,126
DA:27,76
DA:28,50
DA:29,70
DA:30,84
DA:31,40
DA:32,12
DA:34,124
DA:36,67
DA:37,26
DA:38,78
DA:39,73
DA:40,93
DA:41,38
DA:42,21
DA:44,86
DA:45,40
DA:46,34
DA:47,76
DA:48,19
DA:49,40
DA:52,67
DA:53,38
DA:54,21
DA:56,104
DA:58,129
DA:59,70
DA:60,17
DA:61,16
DA:62,23
DA:65,9
DA:67,78
DA:73,52
DA:75,119
DA:76,33
DA:77,75
DA:79,54
DA:81,14
DA:82,9
DA:85,48
DA:86,65
DA:87,93
DA:88,52
DA:89,9
DA:90,9
DA:92,63
DA:94,46
DA:95,75
DA:96,86
DA:97,13
DA:98,58
DA:99,9
DA:102,52
DA:103,65
DA:104,112
DA:105,47
DA:106,70
DA:107,106
DA:108,9
DA:109,9
DA:111,42
DA:117,56
DA:118,28
DA:119,22
DA:120,20
DA:121,78
DA:122,38
DA:123,170
DA:124,16
DA:125,30
DA:126,46
DA:127,82
DA:128,10
DA:129,14
DA:132,37
DA:133,68
DA:135,22
DA:137,54
DA:138,113
DA:139,131
DA:140,16
DA:142,86
DA:143,92
DA:144,40
DA:145,18
DA:147,47
DA:148,60
DA:149,13
DA:151,71
DA:152,92
DA:153,19
DA:154,13
DA:157,126
DA:158,96
DA:159,13
DA:160,57
DA:167,51
DA:168,22
DA:170,120
DA:171,104
DA:174,120
DA:177,176
DA:178,88
DA:180,26
DA:181,122
DA:182,73
DA:183,86
DA:184,16
DA:185,27
DA:189,32
DA:190,26
DA:191,24
DA:192,40
DA:193,34
DA:194,34
DA:195,50
DA:196,86
DA:197,14
DA:198,9
DA:199,13
DA:200,24
DA:208,59
DA:209,48
DA:210,74
DA:214,54
DA:216,65
DA:217,109
DA:218,52
DA:219,23
DA:220,13
DA:222,79
DA:223,120
DA:224,43
DA:225,98
DA:227,181
DA:228,38
DA:229,21
DA:230,54
DA:231,52
DA:232,88
DA:233,42
DA:234,42
DA:235,22
DA:236,13
DA:237,13
DA:240,135
DA:241,50
DA:242,9
DA:243,9
DA:246,67
DA:247,28
DA:248,184
DA:249,130
DA:250,12
DA:251,9
DA:253,37
DA:259,43
DA:260,111
DA:261,92
DA:262,108
DA:263,76
DA:264,9
DA:270,44
DA:271,56
DA:272,89
DA:273,64
DA:274,9
DA:276,70
DA:277,89
DA:278,130
DA:279,9
DA:282,28
DA:283,54
DA:284,188
DA:285,42
DA:286,46
DA:287,46
DA:288,44
DA:289,54
DA:290,178
DA:291,24
DA:292,38
DA:293,52
DA:294,120
DA:295,132
DA:296,24
DA:297,44
DA:298,54
DA:299,146
DA:300,18
DA:301,20
DA:302,54
DA:303,10
DA:304,9
DA:310,48
DA:311,54
DA:312,72
DA:313,72
DA:314,84
DA:317,142
DA:320,112
DA:321,31
DA:322,34
DA:323,62
DA:324,49
DA:325,7
DA:326,13
DA:329,145
DA:330,80
DA:331,13
DA:333,26
DA:334,112
DA:336,64
DA:337,57
DA:338,80
DA:339,17
DA:341,157
DA:342,23
DA:343,94
DA:351,36
DA:352,71
DA:358,29
DA:359,92
DA:361,1
LF:235
LH:235
end_of_record
TN:
SF:src/tools/filesystem.ts
FNF:13
FNH:12
DA:3,97
DA:4,82
DA:5,58
DA:8,65
DA:13,33
DA:14,109
DA:20,42
DA:21,92
DA:22,66
DA:23,79
DA:24,102
DA:31,75
DA:35,65
DA:36,43
DA:37,66
DA:38,9
DA:39,112
DA:40,116
DA:41,112
DA:42,126
DA:48,46
DA:49,81
DA:56,32
DA:57,34
DA:58,94
DA:59,38
DA:60,42
DA:61,42
DA:62,34
DA:63,50
DA:64,148
DA:65,20
DA:66,32
DA:67,50
DA:68,150
DA:69,20
DA:70,38
DA:71,50
DA:72,136
DA:73,20
DA:74,36
DA:75,50
DA:76,108
DA:77,14
DA:78,16
DA:79,44
DA:80,6
DA:81,22
DA:83,66
DA:84,94
DA:85,92
DA:86,86
DA:87,60
DA:89,22
DA:90,68
DA:91,69
DA:92,85
DA:93,13
DA:95,80
DA:96,76
DA:98,88
DA:99,106
DA:100,120
DA:103,64
DA:104,109
DA:105,182
DA:106,13
DA:107,96
DA:109,75
DA:110,21
DA:111,103
DA:119,34
DA:120,36
DA:121,350
DA:122,38
DA:123,42
DA:124,42
DA:125,42
DA:126,50
DA:127,156
DA:128,20
DA:129,40
DA:130,50
DA:131,86
DA:132,14
DA:133,16
DA:134,74
DA:135,6
DA:136,22
DA:138,68
DA:139,100
DA:140,68
DA:143,78
DA:145,83
DA:146,77
DA:147,9
DA:150,70
DA:151,52
DA:152,42
DA:153,54
DA:154,106
DA:157,60
DA:158,87
DA:159,9
DA:161,22
DA:163,64
DA:164,86
DA:166,74
DA:167,261
DA:168,21
DA:169,103
DA:177,32
DA:178,34
DA:179,108
DA:180,38
DA:181,42
DA:182,42
DA:183,40
DA:184,50
DA:185,138
DA:186,20
DA:187,34
DA:188,50
DA:189,120
DA:190,20
DA:191,32
DA:192,50
DA:193,150
DA:194,14
DA:195,16
DA:196,50
DA:197,6
DA:198,22
DA:200,66
DA:201,68
DA:202,94
DA:203,118
DA:205,22
DA:206,74
DA:207,50
DA:209,131
DA:210,54
DA:211,96
DA:212,13
DA:214,69
DA:215,87
DA:216,13
DA:218,53
DA:219,21
DA:220,103
DA:228,32
DA:229,34
DA:230,98
DA:231,38
DA:232,42
DA:233,42
DA:234,40
DA:235,50
DA:236,100
DA:237,20
DA:238,34
DA:239,50
DA:240,106
DA:241,20
DA:242,32
DA:243,50
DA:244,150
DA:245,20
DA:246,34
DA:247,50
DA:248,132
DA:249,20
DA:250,52
DA:251,52
DA:252,122
DA:253,14
DA:254,16
DA:255,50
DA:256,6
DA:257,22
DA:259,66
DA:260,68
DA:261,94
DA:262,118
DA:263,90
DA:264,110
DA:266,22
DA:268,85
DA:269,94
DA:270,50
DA:272,82
DA:274,131
DA:275,96
DA:277,30
DA:278,116
DA:279,84
DA:281,101
DA:282,81
DA:283,134
DA:284,118
DA:285,21
DA:286,19
DA:287,24
DA:291,94
DA:292,13
DA:294,69
DA:295,57
DA:296,13
DA:298,53
DA:299,21
DA:300,87
DA:303,1
LF:212
LH:212
end_of_record
TN:
SF:src/tools/image.ts
FNF:6
FNH:5
DA:1,128
DA:2,66
DA:3,66
DA:4,68
DA:7,87
DA:12,35
DA:14,124
DA:15,140
DA:17,46
DA:18,20
DA:19,84
DA:20,50
DA:21,50
DA:22,8
DA:24,69
DA:25,22
DA:26,140
DA:27,71
DA:28,29
DA:29,11
DA:30,13
DA:31,18
DA:33,3
DA:35,15
DA:41,78
DA:42,24
DA:43,52
DA:44,282
DA:45,38
DA:46,42
DA:47,42
DA:48,34
DA:49,50
DA:50,122
DA:51,20
DA:52,36
DA:53,50
DA:54,162
DA:55,20
DA:56,38
DA:57,50
DA:58,108
DA:59,14
DA:60,16
DA:61,44
DA:62,6
DA:63,22
DA:65,58
DA:66,66
DA:67,60
DA:68,64
DA:71,78
DA:72,34
DA:73,74
DA:74,9
DA:76,60
DA:77,48
DA:80,159
DA:81,26
DA:82,96
DA:83,46
DA:84,71
DA:85,17
DA:87,142
DA:88,99
DA:89,163
DA:90,17
DA:92,104
DA:93,140
DA:94,146
DA:95,106
DA:96,56
DA:97,23
DA:98,112
DA:100,9
DA:103,69
DA:104,105
DA:105,9
DA:107,22
DA:109,44
DA:111,30
DA:112,37
DA:113,13
DA:114,32
DA:115,38
DA:116,13
DA:117,54
DA:120,142
DA:122,71
DA:123,110
DA:124,129
DA:125,7
DA:129,46
DA:133,21
DA:134,35
DA:135,7
DA:137,120
DA:138,21
DA:139,97
DA:140,14
DA:142,93
DA:143,30
DA:144,60
DA:145,20
DA:148,18
DA:151,1
DA:156,50
DA:157,43
DA:158,143
DA:160,2
LF:110
LH:110
end_of_record
TN:
SF:src/tools/registry.ts
FNF:10
FNH:9
DA:20,41
DA:21,35
DA:26,52
DA:27,100
DA:33,34
DA:34,56
DA:40,24
DA:41,42
DA:42,95
DA:43,54
DA:44,9
DA:45,31
DA:51,31
DA:52,73
DA:58,31
DA:59,66
DA:65,39
DA:66,106
DA:68,47
DA:69,32
DA:70,64
DA:71,120
DA:72,38
DA:73,7
DA:74,9
DA:76,22
DA:77,126
DA:78,32
DA:79,64
DA:80,48
DA:81,40
DA:82,10
DA:83,42
DA:84,32
DA:85,64
DA:86,204
DA:87,38
DA:88,20
DA:95,44
DA:96,42
DA:97,73
DA:98,70
DA:99,9
DA:100,57
DA:102,1
LF:45
LH:45
end_of_record
TN:
SF:src/tools/web.ts
FNF:17
FNH:16
DA:2,112
DA:8,70
DA:9,24
DA:10,44
DA:11,276
DA:12,38
DA:13,42
DA:14,42
DA:15,32
DA:16,50
DA:17,104
DA:18,20
DA:19,50
DA:20,50
DA:21,228
DA:22,82
DA:23,46
DA:24,20
DA:25,40
DA:26,50
DA:27,126
DA:28,14
DA:29,16
DA:30,42
DA:31,6
DA:32,22
DA:34,58
DA:35,52
DA:36,106
DA:37,86
DA:39,22
DA:40,54
DA:41,48
DA:42,52
DA:44,43
DA:46,92
DA:47,131
DA:48,109
DA:49,17
DA:52,88
DA:53,111
DA:54,181
DA:55,17
DA:57,94
DA:58,162
DA:60,92
DA:61,72
DA:62,58
DA:63,44
DA:64,108
DA:65,255
DA:66,18
DA:67,22
DA:69,64
DA:71,135
DA:72,120
DA:73,42
DA:74,68
DA:75,21
DA:76,50
DA:77,63
DA:78,79
DA:79,21
DA:80,128
DA:81,25
DA:82,17
DA:84,17
DA:85,13
DA:87,70
DA:88,69
DA:89,13
DA:91,138
DA:93,73
DA:94,30
DA:95,90
DA:96,84
DA:97,34
DA:98,100
DA:100,13
DA:102,82
DA:104,73
DA:106,82
DA:107,47
DA:108,58
DA:109,17
DA:110,29
DA:111,13
DA:114,90
DA:117,60
DA:118,66
DA:119,65
DA:120,13
DA:122,108
DA:123,42
DA:124,73
DA:125,87
DA:126,113
DA:127,9
DA:128,39
DA:129,7
DA:130,46
DA:133,2
DA:138,72
DA:139,24
DA:140,46
DA:141,274
DA:142,38
DA:143,42
DA:144,42
DA:145,36
DA:146,50
DA:147,78
DA:148,20
DA:149,48
DA:150,50
DA:151,160
DA:152,14
DA:153,16
DA:154,46
DA:155,6
DA:156,22
DA:158,58
DA:159,60
DA:160,120
DA:162,22
DA:164,182
DA:166,98
DA:167,40
DA:168,104
DA:169,54
DA:170,14
DA:171,18
DA:173,44
DA:174,73
DA:175,13
DA:177,82
DA:180,126
DA:182,60
DA:183,47
DA:184,13
DA:187,104
DA:188,97
DA:189,58
DA:190,82
DA:191,64
DA:192,51
DA:193,72
DA:194,17
DA:195,38
DA:196,13
DA:198,47
DA:199,21
DA:200,87
DA:203,1
DA:208,47
DA:210,32
DA:211,98
DA:212,94
DA:213,106
DA:214,86
DA:215,98
DA:216,102
DA:219,24
DA:220,124
DA:221,56
DA:222,50
DA:223,48
DA:224,46
DA:225,46
DA:226,50
DA:227,48
DA:228,42
DA:229,48
DA:230,18
DA:232,25
DA:238,74
DA:239,42
DA:242,278
DA:244,24
DA:245,171
DA:246,140
DA:247,42
DA:248,22
DA:249,77
DA:250,26
DA:251,43
DA:253,68
DA:254,122
DA:256,127
DA:257,84
DA:258,5
DA:259,5
DA:262,61
DA:263,206
DA:264,175
DA:265,54
DA:266,72
DA:267,53
DA:268,96
DA:269,9
DA:270,5
DA:271,5
DA:273,32
DA:279,62
DA:280,24
DA:281,34
DA:282,230
DA:283,38
DA:284,42
DA:285,42
DA:286,32
DA:287,50
DA:288,78
DA:289,20
DA:290,38
DA:291,50
DA:292,160
DA:293,98
DA:294,44
DA:295,20
DA:296,40
DA:297,50
DA:298,128
DA:299,20
DA:300,34
DA:301,50
DA:302,114
DA:303,14
DA:304,16
DA:305,42
DA:306,6
DA:307,22
DA:309,58
DA:310,52
DA:311,82
DA:312,80
DA:313,56
DA:314,62
DA:316,22
DA:317,54
DA:318,48
DA:319,52
DA:321,43
DA:322,92
DA:323,131
DA:324,109
DA:325,17
DA:328,88
DA:329,111
DA:330,181
DA:331,17
DA:333,94
DA:334,148
DA:336,92
DA:337,34
DA:338,72
DA:339,58
DA:340,44
DA:341,114
DA:342,34
DA:343,24
DA:344,143
DA:345,22
DA:347,64
DA:349,135
DA:350,103
DA:351,143
DA:352,11
DA:353,60
DA:354,28
DA:355,68
DA:356,11
DA:357,25
DA:358,32
DA:359,45
DA:360,11
DA:361,64
DA:362,17
DA:363,17
DA:365,17
DA:366,13
DA:368,138
DA:369,46
DA:371,109
DA:372,30
DA:373,90
DA:374,108
DA:375,17
DA:376,58
DA:378,16
DA:379,45
DA:381,50
DA:382,57
DA:383,20
DA:387,60
DA:388,82
DA:389,81
DA:390,13
DA:392,148
DA:393,126
DA:394,42
DA:395,73
DA:396,87
DA:397,103
DA:398,9
DA:399,39
DA:400,7
DA:401,46
DA:404,2
DA:409,46
DA:410,43
DA:411,128
DA:412,132
DA:413,111
DA:415,2
DA:418,50
DA:420,56
DA:421,57
DA:424,64
DA:425,67
DA:426,25
DA:427,5
DA:429,86
DA:430,85
DA:431,27
DA:432,5
DA:434,18
DA:435,112
DA:436,73
DA:437,87
DA:438,29
DA:439,9
DA:440,7
DA:441,12
DA:445,27
DA:448,47
DA:449,77
DA:450,77
DA:451,91
DA:454,53
DA:455,72
DA:456,105
DA:457,54
DA:458,5
DA:460,76
DA:461,48
DA:462,34
DA:463,5
DA:465,66
DA:466,25
DA:469,49
DA:470,82
DA:472,200
DA:473,214
DA:474,69
DA:476,73
DA:477,96
DA:478,58
DA:479,33
DA:480,9
DA:482,144
DA:483,41
DA:484,104
DA:485,102
DA:486,48
DA:487,48
DA:488,38
DA:489,46
DA:490,30
DA:491,16
DA:492,61
DA:493,5
DA:494,15
DA:495,5
DA:497,57
DA:498,173
DA:499,27
DA:500,5
DA:501,15
DA:502,5
DA:504,118
DA:505,58
DA:507,40
DA:508,65
DA:509,96
DA:510,80
DA:511,42
DA:512,5
DA:514,59
DA:517,45
DA:518,74
DA:519,76
DA:520,156
DA:521,120
DA:522,109
DA:523,154
DA:524,78
DA:525,27
LF:398
LH:398
end_of_record
TN:
SF:src/voice/stt.ts
FNF:5
FNH:5
DA:23,1
DA:25,51
DA:26,102
DA:27,92
DA:28,95
DA:34,48
DA:36,149
DA:42,30
DA:44,143
DA:46,1
LF:10
LH:10
end_of_record
TN:
SF:src/voice/tts.ts
FNF:5
FNH:5
DA:22,1
DA:24,41
DA:25,110
DA:26,70
DA:27,113
DA:33,34
DA:35,151
DA:41,29
DA:43,143
DA:45,1
LF:10
LH:10
end_of_record
TN:
SF:../shared/src/index.ts
FNF:1
FNH:1
DA:3,24
DA:4,23
LF:2
LH:2
end_of_record
TN:
SF:../shared/src/types.ts
FNF:0
FNH:0
LF:0
LH:0
end_of_record
TN:
SF:../shared/src/utils.ts
FNF:11
FNH:11
DA:1,41
DA:6,11
DA:7,20
DA:13,11
DA:14,18
DA:20,13
DA:21,55
DA:27,6
DA:28,9
DA:29,3
DA:30,67
DA:32,16
DA:33,35
DA:34,2
DA:36,49
DA:37,25
DA:40,38
DA:41,30
DA:42,41
DA:43,39
DA:45,49
DA:46,50
DA:49,42
DA:50,49
DA:51,77
DA:52,9
DA:53,29
DA:54,25
DA:55,24
DA:56,46
DA:57,7
DA:58,46
DA:59,26
DA:60,17
DA:61,15
DA:62,49
DA:63,38
DA:64,4
DA:65,52
DA:66,49
DA:67,13
DA:68,27
DA:69,10
DA:70,14
DA:71,12
DA:73,91
DA:74,31
DA:75,5
DA:77,27
DA:78,2
DA:80,56
DA:87,6
DA:88,10
DA:89,6
DA:90,10
DA:91,3
DA:92,24
DA:95,41
DA:96,78
DA:97,2
DA:100,58
DA:103,41
DA:104,63
DA:105,2
DA:108,62
DA:109,49
DA:110,4
DA:112,14
DA:118,41
DA:119,33
DA:120,56
DA:126,16
DA:127,40
DA:128,20
DA:129,20
DA:131,58
DA:132,18
DA:133,14
DA:134,2
DA:136,49
DA:142,13
DA:143,19
DA:144,55
DA:145,22
DA:146,74
LF:85
LH:85
end_of_record
