TN:
SF:src/agent/context.ts
FNF:13
FNH:13
DA:2,97
DA:9,1
DA:11,61
DA:12,70
DA:18,44
DA:19,46
DA:20,46
DA:21,38
DA:22,28
DA:23,40
DA:24,12
DA:25,64
DA:26,34
DA:27,35
DA:33,71
DA:34,46
DA:35,46
DA:36,48
DA:37,28
DA:38,46
DA:39,26
DA:40,12
DA:41,64
DA:42,34
DA:43,35
DA:49,44
DA:50,46
DA:51,46
DA:52,38
DA:53,36
DA:54,46
DA:55,48
DA:56,12
DA:57,64
DA:58,34
DA:59,35
DA:65,46
DA:66,46
DA:67,46
DA:68,42
DA:69,28
DA:70,40
DA:71,12
DA:72,64
DA:73,35
DA:79,27
DA:80,57
DA:86,33
DA:87,67
DA:93,21
DA:94,46
DA:101,21
DA:102,105
DA:103,17
DA:104,9
DA:107,150
DA:108,156
DA:110,130
DA:111,126
DA:116,140
DA:118,70
DA:119,29
DA:121,65
DA:123,56
DA:124,66
DA:125,7
DA:126,16
DA:128,52
DA:130,9
DA:132,118
DA:138,22
DA:139,47
DA:145,38
DA:146,57
DA:148,2
LF:75
LH:75
end_of_record
TN:
SF:src/agent/loop.ts
FNF:38
FNH:38
DA:2,88
DA:3,82
DA:4,98
DA:5,106
DA:6,82
DA:7,108
DA:8,80
DA:9,88
DA:10,94
DA:11,102
DA:12,90
DA:13,98
DA:14,156
DA:15,96
DA:16,181
DA:59,1
DA:61,51
DA:62,88
DA:63,110
DA:64,72
DA:65,82
DA:66,94
DA:67,78
DA:68,86
DA:69,74
DA:70,82
DA:71,106
DA:72,134
DA:73,94
DA:74,146
DA:75,126
DA:77,70
DA:78,86
DA:79,78
DA:80,95
DA:86,26
DA:88,84
DA:89,54
DA:90,70
DA:91,14
DA:92,50
DA:95,134
DA:97,117
DA:98,61
DA:99,16
DA:101,120
DA:103,82
DA:105,64
DA:107,66
DA:109,64
DA:110,14
DA:114,130
DA:115,134
DA:116,88
DA:117,92
DA:120,112
DA:123,114
DA:126,76
DA:129,90
DA:130,52
DA:131,53
DA:132,9
DA:133,62
DA:134,58
DA:135,9
DA:138,162
DA:139,66
DA:140,76
DA:141,34
DA:142,20
DA:148,45
DA:149,46
DA:150,61
DA:151,9
DA:153,87
DA:154,137
DA:155,9
DA:157,52
DA:158,56
DA:160,22
DA:162,114
DA:163,92
DA:164,18
DA:165,70
DA:166,88
DA:167,44
DA:168,50
DA:169,2
DA:170,16
DA:172,92
DA:173,94
DA:174,13
DA:175,13
DA:178,83
DA:179,140
DA:180,162
DA:181,150
DA:183,47
DA:184,140
DA:185,79
DA:186,103
DA:187,64
DA:188,25
DA:189,62
DA:190,40
DA:191,25
DA:192,23
DA:193,21
DA:195,77
DA:196,90
DA:197,17
DA:198,56
DA:199,144
DA:200,68
DA:201,18
DA:202,70
DA:203,40
DA:204,17
DA:205,11
DA:206,39
DA:207,45
DA:208,23
DA:210,13
DA:213,94
DA:216,69
DA:217,14
DA:218,76
DA:219,69
DA:226,23
DA:227,60
DA:228,34
DA:230,77
DA:231,26
DA:233,100
DA:234,148
DA:235,120
DA:237,56
DA:238,54
DA:241,173
DA:242,86
DA:244,50
DA:246,109
DA:247,76
DA:248,132
DA:249,78
DA:250,109
DA:252,43
DA:253,79
DA:254,15
DA:255,14
DA:256,13
DA:259,88
DA:260,195
DA:263,55
DA:264,24
DA:265,13
DA:268,73
DA:269,24
DA:270,13
DA:273,122
DA:276,82
DA:277,9
DA:280,146
DA:281,66
DA:282,60
DA:283,34
DA:284,14
DA:286,70
DA:292,50
DA:293,46
DA:295,81
DA:297,104
DA:298,83
DA:299,62
DA:300,13
DA:301,66
DA:303,88
DA:304,33
DA:305,34
DA:306,91
DA:307,21
DA:308,10
DA:309,70
DA:310,91
DA:311,37
DA:312,48
DA:313,24
DA:314,35
DA:315,37
DA:316,42
DA:317,11
DA:318,36
DA:319,15
DA:320,13
DA:323,108
DA:324,80
DA:325,18
DA:326,70
DA:327,76
DA:328,44
DA:329,66
DA:330,64
DA:331,2
DA:332,16
DA:335,83
DA:336,118
DA:337,86
DA:338,38
DA:339,13
DA:340,13
DA:343,191
DA:344,66
DA:345,68
DA:346,176
DA:347,42
DA:348,20
DA:349,140
DA:350,182
DA:351,74
DA:352,96
DA:353,48
DA:354,70
DA:355,74
DA:356,84
DA:357,22
DA:358,72
DA:359,23
DA:360,13
DA:362,106
DA:363,29
DA:364,34
DA:365,101
DA:366,21
DA:367,10
DA:368,66
DA:369,91
DA:370,37
DA:371,48
DA:372,24
DA:373,35
DA:374,37
DA:375,38
DA:376,11
DA:377,32
DA:378,15
DA:379,13
DA:382,70
DA:385,126
DA:388,82
DA:391,122
DA:394,133
DA:395,156
DA:396,70
DA:397,70
DA:398,44
DA:399,66
DA:400,70
DA:401,66
DA:402,18
DA:404,50
DA:405,9
DA:407,41
DA:413,43
DA:414,124
DA:415,154
DA:416,46
DA:417,40
DA:418,64
DA:419,86
DA:420,84
DA:421,115
DA:422,42
DA:423,82
DA:424,68
DA:425,19
DA:426,139
DA:427,42
DA:428,70
DA:429,38
DA:430,91
DA:431,50
DA:432,72
DA:433,17
DA:434,19
DA:435,59
DA:436,67
DA:438,79
DA:439,105
DA:441,67
DA:442,85
DA:443,90
DA:444,76
DA:445,72
DA:446,51
DA:447,53
DA:448,23
DA:450,12
DA:452,144
DA:454,89
DA:455,162
DA:456,9
DA:458,39
DA:464,51
DA:465,114
DA:466,54
DA:468,76
DA:469,110
DA:471,30
DA:473,17
DA:474,9
DA:477,95
DA:478,140
DA:481,156
DA:482,86
DA:483,208
DA:485,22
DA:486,69
DA:487,14
DA:488,81
DA:490,30
DA:496,30
DA:497,52
DA:503,20
DA:504,54
DA:510,26
DA:511,45
DA:517,24
DA:518,77
DA:524,25
DA:525,77
DA:531,27
DA:532,85
DA:538,29
DA:539,93
DA:545,42
DA:546,98
DA:547,124
DA:553,28
DA:554,49
DA:560,28
DA:561,49
DA:567,33
DA:568,48
DA:574,28
DA:575,72
DA:576,59
DA:577,106
DA:578,9
DA:579,69
DA:580,116
DA:581,9
DA:587,49
DA:588,42
DA:590,59
DA:591,68
DA:592,9
DA:593,69
DA:594,78
DA:595,9
DA:597,69
DA:598,96
DA:599,82
DA:600,70
DA:601,100
DA:602,48
DA:603,9
DA:605,115
DA:611,47
DA:612,108
DA:614,46
DA:615,42
DA:616,44
DA:617,46
DA:618,42
DA:619,58
DA:620,66
DA:621,70
DA:622,62
DA:623,42
DA:624,62
DA:625,72
DA:626,12
DA:628,62
DA:629,63
DA:630,86
DA:631,62
DA:632,68
DA:633,41
DA:634,124
DA:635,16
DA:636,35
DA:638,9
DA:640,91
DA:646,40
DA:647,115
DA:648,70
DA:649,107
DA:650,87
DA:651,62
DA:652,13
DA:653,13
DA:654,43
DA:655,9
DA:656,111
DA:659,44
DA:660,104
DA:661,70
DA:662,139
DA:665,37
DA:666,104
DA:667,68
DA:668,82
DA:670,2
LF:413
LH:413
end_of_record
TN:
SF:src/client.ts
FNF:27
FNH:27
DA:2,88
DA:3,82
DA:4,129
DA:20,1
DA:22,13
DA:23,10
DA:24,18
DA:32,10
DA:34,40
DA:36,114
DA:37,80
DA:38,98
DA:39,72
DA:40,136
DA:41,120
DA:43,118
DA:45,160
DA:46,64
DA:47,40
DA:48,32
DA:49,84
DA:50,94
DA:51,57
DA:52,109
DA:53,48
DA:54,28
DA:56,71
DA:58,189
DA:60,83
DA:61,92
DA:62,60
DA:63,70
DA:64,86
DA:65,27
DA:67,19
DA:73,26
DA:74,68
DA:75,86
DA:76,68
DA:77,135
DA:78,118
DA:79,92
DA:80,9
DA:81,56
DA:82,90
DA:83,84
DA:84,82
DA:85,20
DA:91,34
DA:92,59
DA:93,56
DA:94,9
DA:96,100
DA:98,22
DA:99,80
DA:102,92
DA:103,104
DA:104,81
DA:105,80
DA:106,114
DA:107,99
DA:108,104
DA:109,94
DA:110,110
DA:111,22
DA:112,13
DA:113,13
DA:116,49
DA:117,42
DA:118,123
DA:119,152
DA:120,105
DA:121,40
DA:122,19
DA:126,27
DA:127,50
DA:128,60
DA:129,64
DA:130,84
DA:131,34
DA:132,14
DA:138,39
DA:139,78
DA:145,39
DA:146,83
DA:152,24
DA:153,59
DA:154,56
DA:155,9
DA:156,69
DA:162,25
DA:163,52
DA:164,28
DA:165,9
DA:166,66
DA:172,20
DA:173,102
DA:174,44
DA:180,26
DA:181,76
DA:182,46
DA:188,28
DA:189,71
DA:195,28
DA:196,80
DA:202,27
DA:203,52
DA:204,28
DA:205,9
DA:206,70
DA:212,29
DA:213,73
DA:219,33
DA:220,70
DA:221,46
DA:222,90
DA:228,22
DA:229,37
DA:235,28
DA:236,49
DA:242,27
DA:243,56
DA:245,2
LF:123
LH:123
end_of_record
TN:
SF:src/commands/builtin.ts
FNF:54
FNH:53
DA:3,66
DA:4,118
DA:5,126
DA:6,82
DA:9,47
DA:16,52
DA:17,120
DA:23,47
DA:24,36
DA:25,38
DA:26,40
DA:27,38
DA:28,52
DA:29,7
DA:34,39
DA:35,92
DA:36,82
DA:37,78
DA:38,86
DA:39,84
DA:40,84
DA:41,86
DA:42,84
DA:43,80
DA:44,80
DA:45,82
DA:46,96
DA:47,84
DA:48,78
DA:49,76
DA:50,84
DA:51,88
DA:52,92
DA:53,80
DA:59,42
DA:60,84
DA:66,29
DA:67,65
DA:73,39
DA:74,28
DA:75,38
DA:76,102
DA:77,40
DA:78,48
DA:79,36
DA:80,78
DA:81,92
DA:82,76
DA:83,74
DA:85,77
DA:86,59
DA:87,86
DA:88,39
DA:89,101
DA:91,17
DA:93,124
DA:94,120
DA:95,56
DA:96,54
DA:98,106
DA:100,79
DA:101,92
DA:102,91
DA:103,96
DA:104,86
DA:105,110
DA:106,21
DA:107,44
DA:108,17
DA:110,77
DA:111,88
DA:112,89
DA:113,94
DA:114,86
DA:115,110
DA:116,21
DA:117,44
DA:118,17
DA:120,62
DA:121,146
DA:122,142
DA:123,126
DA:125,76
DA:126,58
DA:127,65
DA:129,9
DA:135,28
DA:136,28
DA:137,40
DA:138,128
DA:139,40
DA:140,48
DA:141,36
DA:142,78
DA:143,64
DA:144,80
DA:145,82
DA:146,80
DA:147,140
DA:148,58
DA:149,115
DA:151,9
DA:157,26
DA:158,28
DA:159,36
DA:160,92
DA:161,40
DA:162,48
DA:163,36
DA:164,78
DA:165,64
DA:166,80
DA:167,82
DA:168,80
DA:169,118
DA:170,58
DA:171,115
DA:173,9
DA:179,27
DA:180,28
DA:181,38
DA:182,66
DA:183,40
DA:184,48
DA:185,36
DA:186,78
DA:187,82
DA:188,58
DA:190,89
DA:192,9
DA:198,30
DA:199,28
DA:200,44
DA:201,136
DA:202,40
DA:203,48
DA:204,36
DA:205,78
DA:208,64
DA:210,59
DA:211,62
DA:212,101
DA:213,17
DA:215,76
DA:216,77
DA:217,62
DA:218,147
DA:219,17
DA:222,58
DA:223,111
DA:225,9
DA:231,29
DA:232,28
DA:233,42
DA:234,76
DA:235,40
DA:236,48
DA:237,36
DA:238,78
DA:239,76
DA:240,178
DA:242,80
DA:243,132
DA:244,136
DA:245,258
DA:248,58
DA:249,142
DA:250,188
DA:251,92
DA:253,76
DA:254,58
DA:255,65
DA:257,9
DA:263,41
DA:264,28
DA:265,42
DA:266,86
DA:267,40
DA:268,48
DA:269,36
DA:270,78
DA:271,90
DA:272,192
DA:274,87
DA:275,82
DA:276,144
DA:277,35
DA:278,97
DA:279,149
DA:280,140
DA:281,21
DA:282,149
DA:285,76
DA:286,58
DA:287,65
DA:289,9
DA:295,29
DA:296,28
DA:297,42
DA:298,130
DA:299,40
DA:300,48
DA:301,36
DA:302,78
DA:303,76
DA:304,178
DA:306,86
DA:307,118
DA:308,116
DA:309,124
DA:310,132
DA:312,76
DA:313,136
DA:314,140
DA:315,262
DA:317,127
DA:318,172
DA:319,172
DA:320,17
DA:323,58
DA:324,142
DA:325,188
DA:326,96
DA:328,76
DA:329,58
DA:330,65
DA:332,9
DA:338,30
DA:339,28
DA:340,44
DA:341,132
DA:342,40
DA:343,50
DA:344,712
DA:351,9
DA:357,29
DA:358,28
DA:359,42
DA:360,96
DA:361,40
DA:362,48
DA:363,36
DA:364,78
DA:365,62
DA:366,112
DA:367,124
DA:368,90
DA:369,20
DA:371,84
DA:372,96
DA:373,85
DA:374,84
DA:375,115
DA:376,17
DA:378,136
DA:379,152
DA:381,94
DA:382,156
DA:383,146
DA:385,76
DA:386,58
DA:387,65
DA:389,9
DA:395,27
DA:396,28
DA:397,38
DA:398,146
DA:399,40
DA:400,48
DA:401,36
DA:402,78
DA:403,138
DA:406,104
DA:409,1220
DA:437,118
DA:438,81
DA:439,102
DA:440,17
DA:442,94
DA:443,90
DA:444,90
DA:445,68
DA:446,132
DA:447,128
DA:448,130
DA:450,76
DA:451,58
DA:452,65
DA:454,9
DA:460,27
DA:461,28
DA:462,38
DA:463,124
DA:464,40
DA:465,48
DA:466,36
DA:467,78
DA:468,76
DA:471,86
DA:472,92
DA:474,88
DA:475,92
DA:476,98
DA:479,78
DA:480,89
DA:481,71
DA:482,19
DA:484,102
DA:485,202
DA:486,208
DA:487,116
DA:489,65
DA:490,130
DA:491,17
DA:493,116
DA:495,76
DA:496,58
DA:497,65
DA:499,9
DA:505,28
DA:506,28
DA:507,40
DA:508,104
DA:509,40
DA:510,48
DA:511,36
DA:512,78
DA:513,92
DA:514,158
DA:515,104
DA:516,94
DA:517,130
DA:519,76
DA:520,58
DA:521,65
DA:523,9
DA:529,29
DA:530,28
DA:531,42
DA:532,128
DA:533,40
DA:534,50
DA:535,702
DA:543,9
DA:549,26
DA:550,28
DA:551,36
DA:552,96
DA:553,40
DA:554,50
DA:555,502
DA:564,9
DA:570,25
DA:571,28
DA:572,34
DA:573,126
DA:574,40
DA:575,50
DA:576,708
DA:588,9
DA:594,29
DA:595,28
DA:596,42
DA:597,104
DA:598,40
DA:599,50
DA:600,832
DA:610,9
DA:616,33
DA:617,28
DA:618,50
DA:619,128
DA:620,40
DA:621,48
DA:622,36
DA:623,78
DA:624,112
DA:627,59
DA:628,48
DA:629,103
DA:630,123
DA:631,62
DA:632,23
DA:633,21
DA:634,21
DA:636,57
DA:637,152
DA:638,162
DA:639,66
DA:640,59
DA:641,21
DA:644,116
DA:645,98
DA:646,122
DA:649,34
DA:650,202
DA:651,83
DA:652,132
DA:653,213
DA:654,99
DA:655,142
DA:656,25
DA:657,22
DA:658,90
DA:660,19
DA:661,79
DA:664,94
DA:665,101
DA:666,116
DA:667,21
DA:669,68
DA:670,206
DA:671,146
DA:673,80
DA:674,62
DA:675,57
DA:676,17
DA:679,98
DA:681,95
DA:682,88
DA:683,96
DA:684,134
DA:685,156
DA:686,35
DA:688,60
DA:689,113
DA:690,68
DA:691,66
DA:692,38
DA:693,129
DA:694,145
DA:695,32
DA:697,102
DA:698,168
DA:699,56
DA:700,34
DA:702,63
DA:703,76
DA:704,29
DA:706,87
DA:707,46
DA:708,140
DA:709,125
DA:710,25
DA:711,63
DA:713,27
DA:714,21
DA:715,44
DA:716,30
DA:717,63
DA:718,76
DA:719,50
DA:721,64
DA:722,21
DA:724,114
DA:725,114
DA:727,127
DA:728,104
DA:729,78
DA:730,110
DA:731,182
DA:732,21
DA:734,152
DA:735,190
DA:736,74
DA:737,158
DA:738,177
DA:741,76
DA:742,58
DA:743,65
DA:745,9
DA:751,31
DA:752,28
DA:753,46
DA:754,132
DA:755,40
DA:756,48
DA:757,36
DA:758,78
DA:759,110
DA:762,60
DA:763,54
DA:764,62
DA:765,58
DA:766,46
DA:767,78
DA:768,126
DA:769,20
DA:772,116
DA:775,534
DA:795,74
DA:796,168
DA:797,88
DA:798,214
DA:806,56
DA:807,48
DA:809,133
DA:810,64
DA:811,46
DA:812,147
DA:813,44
DA:814,31
DA:815,35
DA:816,74
DA:817,74
DA:821,158
DA:822,110
DA:823,106
DA:824,45
DA:825,104
DA:826,17
DA:829,86
DA:830,66
DA:832,122
DA:838,37
DA:839,62
DA:840,34
DA:842,81
DA:843,57
DA:844,55
DA:845,25
DA:846,54
DA:847,11
DA:848,39
DA:849,17
DA:852,30
DA:853,98
DA:854,66
DA:856,108
DA:858,134
DA:859,172
DA:860,124
DA:861,202
DA:863,79
DA:864,34
DA:865,92
DA:866,160
DA:867,94
DA:868,126
DA:869,160
DA:870,126
DA:872,93
DA:875,58
DA:876,65
DA:878,8
DA:880,2
DA:882,52
DA:883,38
DA:884,3
LF:549
LH:549
end_of_record
TN:
SF:src/commands/executor.ts
FNF:12
FNH:12
DA:14,1
DA:16,39
DA:17,50
DA:24,38
DA:25,66
DA:28,73
DA:29,27
DA:30,9
DA:33,114
DA:34,30
DA:35,16
DA:36,9
DA:38,28
DA:39,42
DA:40,48
DA:41,9
DA:47,35
DA:48,92
DA:54,51
DA:55,88
DA:57,32
DA:58,30
DA:59,9
DA:61,112
DA:63,41
DA:65,198
DA:66,54
DA:67,53
DA:68,9
DA:71,101
DA:72,93
DA:73,9
DA:76,150
DA:78,28
DA:79,42
DA:80,20
DA:81,15
DA:89,73
DA:90,68
DA:93,162
DA:96,136
DA:98,41
DA:105,60
DA:106,72
DA:107,60
DA:109,65
DA:110,68
DA:112,75
DA:114,96
DA:115,122
DA:116,102
DA:117,31
DA:118,73
DA:120,9
DA:122,73
DA:128,52
DA:129,22
DA:130,114
DA:131,24
DA:132,46
DA:133,40
DA:134,18
DA:136,104
DA:137,82
DA:138,76
DA:139,18
DA:141,82
DA:143,68
DA:144,50
DA:145,13
DA:147,81
DA:148,21
DA:149,86
DA:156,44
DA:157,73
DA:158,23
DA:159,9
DA:161,96
DA:162,80
DA:164,1
LF:80
LH:80
end_of_record
TN:
SF:src/commands/index.ts
FNF:1
FNH:1
DA:1,24
DA:2,41
DA:3,45
DA:4,43
LF:4
LH:4
end_of_record
TN:
SF:src/commands/loader.ts
FNF:17
FNH:17
DA:1,120
DA:2,104
DA:3,67
DA:20,1
DA:22,33
DA:23,77
DA:29,23
DA:30,52
DA:33,128
DA:34,144
DA:35,118
DA:36,108
DA:39,122
DA:40,118
DA:46,81
DA:47,74
DA:49,74
DA:51,71
DA:52,80
DA:53,76
DA:55,65
DA:57,105
DA:58,128
DA:59,124
DA:61,138
DA:62,47
DA:63,98
DA:64,13
DA:65,10
DA:66,15
DA:72,63
DA:73,22
DA:74,108
DA:75,134
DA:78,98
DA:79,167
DA:81,118
DA:82,107
DA:83,123
DA:84,75
DA:85,129
DA:86,31
DA:88,32
DA:89,26
DA:90,148
DA:91,62
DA:92,42
DA:93,44
DA:94,34
DA:95,40
DA:96,9
DA:97,21
DA:98,71
DA:99,24
DA:106,46
DA:107,142
DA:108,100
DA:110,37
DA:111,87
DA:112,9
DA:114,80
DA:115,54
DA:118,80
DA:119,65
DA:120,86
DA:121,88
DA:123,102
DA:124,104
DA:127,117
DA:128,96
DA:129,138
DA:130,31
DA:132,104
DA:133,102
DA:134,35
DA:135,17
DA:136,71
DA:138,9
DA:140,89
DA:146,38
DA:147,90
DA:153,34
DA:154,67
DA:160,27
DA:161,89
DA:167,34
DA:168,67
DA:174,42
DA:175,80
DA:176,83
DA:177,88
DA:178,89
DA:179,8
DA:181,2
LF:94
LH:94
end_of_record
TN:
SF:src/commands/types.ts
FNF:0
FNH:0
LF:0
LH:0
end_of_record
TN:
SF:src/config.ts
FNF:18
FNH:18
DA:1,33
DA:2,34
DA:5,25
DA:6,10
DA:7,26
DA:8,38
DA:9,17
DA:10,4
DA:11,12
DA:12,19
DA:13,12
DA:14,26
DA:15,25
DA:16,18
DA:17,6
DA:18,12
DA:19,29
DA:20,18
DA:21,30
DA:22,3
DA:23,4
DA:24,17
DA:25,13
DA:26,18
DA:27,12
DA:28,21
DA:29,13
DA:30,9
DA:31,2
DA:32,1
DA:34,20
DA:35,30
DA:37,50
DA:38,8
DA:39,24
DA:40,25
DA:41,69
DA:42,15
DA:43,31
DA:44,32
DA:45,85
DA:46,6
DA:47,15
DA:48,31
DA:49,32
DA:50,91
DA:51,75
DA:52,6
DA:53,16
DA:54,32
DA:55,33
DA:56,83
DA:57,68
DA:58,3
DA:59,1
DA:60,2
DA:62,15
DA:63,12
DA:64,13
DA:65,15
DA:66,18
DA:67,22
DA:68,6
DA:69,23
DA:70,55
DA:71,43
DA:72,37
DA:73,2
DA:79,11
DA:80,42
DA:81,37
DA:82,15
DA:83,2
DA:84,62
DA:85,63
DA:86,32
DA:92,19
DA:93,38
DA:99,30
DA:100,28
DA:107,29
DA:108,37
DA:111,56
DA:112,56
DA:113,56
DA:116,76
DA:117,62
DA:118,59
DA:121,80
DA:122,58
DA:123,57
DA:125,14
DA:131,29
DA:132,19
DA:135,52
DA:136,54
DA:137,26
DA:138,37
DA:139,2
DA:142,72
DA:143,60
DA:144,29
DA:145,40
DA:146,2
DA:148,12
DA:154,20
DA:155,60
DA:156,26
DA:157,23
DA:158,4
DA:159,34
DA:160,1
DA:166,9
DA:167,9
DA:168,32
DA:169,32
DA:170,11
DA:171,4
DA:172,25
DA:173,11
DA:174,12
DA:181,19
DA:182,48
DA:183,35
DA:186,18
DA:187,42
DA:188,60
DA:189,58
DA:190,53
DA:191,4
DA:194,19
DA:195,76
DA:196,2
DA:198,26
DA:204,20
DA:205,47
DA:213,29
DA:214,21
DA:217,54
DA:218,60
DA:219,22
DA:220,29
DA:221,2
DA:224,72
DA:225,62
DA:226,23
DA:227,30
DA:228,2
DA:230,30
DA:231,11
DA:232,2
DA:234,26
DA:240,9
DA:241,9
DA:242,32
DA:243,32
DA:244,11
DA:245,4
DA:246,25
DA:247,11
DA:248,11
LF:161
LH:161
end_of_record
TN:
SF:src/hooks/executor.ts
FNF:13
FNH:12
DA:3,10
DA:4,14
DA:10,12
DA:14,22
DA:15,33
DA:16,11
DA:17,4
DA:19,38
DA:21,58
DA:22,15
DA:23,6
DA:26,42
DA:27,59
DA:30,51
DA:31,13
DA:32,8
DA:35,42
DA:36,13
DA:37,6
DA:38,4
DA:39,4
DA:41,13
DA:47,22
DA:49,57
DA:50,11
DA:51,4
DA:54,14
DA:56,42
DA:57,23
DA:58,24
DA:59,29
DA:60,32
DA:61,10
DA:62,23
DA:63,29
DA:64,10
DA:65,21
DA:66,29
DA:67,5
DA:69,4
DA:72,18
DA:73,11
DA:74,4
DA:77,11
DA:78,47
DA:79,25
DA:80,13
DA:82,25
DA:89,18
DA:90,42
DA:92,11
DA:93,32
DA:94,20
DA:95,63
DA:96,19
DA:97,62
DA:98,18
DA:99,74
DA:101,12
DA:103,21
DA:104,52
DA:105,13
DA:112,1
DA:113,6
DA:114,7
DA:115,8
DA:116,5
DA:117,38
DA:119,11
DA:121,62
DA:122,22
DA:123,23
DA:124,20
DA:125,9
DA:128,72
DA:129,34
DA:130,23
DA:133,70
DA:135,52
DA:136,41
DA:137,38
DA:138,9
DA:140,30
DA:142,41
DA:145,28
DA:146,15
DA:147,33
DA:148,17
DA:150,59
DA:152,6
DA:155,28
DA:156,18
DA:157,26
DA:158,54
DA:159,1
DA:160,6
DA:163,12
DA:164,21
DA:165,50
DA:166,13
DA:173,1
DA:174,6
DA:175,7
DA:176,8
DA:177,5
DA:178,37
DA:182,47
DA:183,13
DA:189,1
DA:190,6
DA:191,7
DA:192,8
DA:193,5
DA:194,37
DA:198,46
DA:199,13
DA:203,26
DA:204,19
DA:205,1
LF:119
LH:119
end_of_record
TN:
SF:src/hooks/loader.ts
FNF:7
FNH:7
DA:7,1
DA:9,27
DA:10,40
DA:16,32
DA:17,48
DA:23,33
DA:24,125
DA:25,65
DA:26,58
DA:27,13
DA:28,80
DA:29,9
DA:35,34
DA:36,67
DA:42,27
DA:43,55
DA:49,34
DA:50,72
DA:51,99
DA:57,21
DA:58,39
DA:60,1
LF:22
LH:22
end_of_record
TN:
SF:src/llm/anthropic.ts
FNF:9
FNH:9
DA:1,84
DA:2,102
DA:3,68
DA:4,65
DA:12,41
DA:13,124
DA:14,140
DA:15,96
DA:16,67
DA:17,22
DA:18,114
DA:19,182
DA:20,39
DA:21,37
DA:22,7
DA:23,10
DA:26,3
DA:27,9
DA:36,1
DA:38,39
DA:39,186
DA:41,32
DA:42,16
DA:43,162
DA:46,6
DA:47,9
DA:49,88
DA:50,60
DA:51,92
DA:54,24
DA:55,48
DA:58,6
DA:59,20
DA:60,14
DA:61,27
DA:62,10
DA:64,122
DA:67,117
DA:69,22
DA:70,46
DA:71,97
DA:72,57
DA:73,71
DA:75,104
DA:76,52
DA:77,70
DA:78,62
DA:79,72
DA:80,54
DA:81,18
DA:83,66
DA:84,58
DA:86,85
DA:87,105
DA:88,115
DA:89,66
DA:90,82
DA:91,84
DA:92,28
DA:93,58
DA:94,17
DA:95,118
DA:96,103
DA:97,42
DA:98,54
DA:99,74
DA:100,24
DA:101,128
DA:102,104
DA:103,18
DA:104,116
DA:105,159
DA:106,38
DA:107,162
DA:108,42
DA:109,103
DA:111,42
DA:112,62
DA:113,74
DA:114,28
DA:115,70
DA:116,58
DA:117,17
DA:118,104
DA:119,62
DA:120,14
DA:121,13
DA:124,110
DA:125,65
DA:126,34
DA:127,48
DA:128,40
DA:129,114
DA:130,118
DA:131,184
DA:132,68
DA:133,18
DA:134,16
DA:135,12
DA:136,42
DA:137,30
DA:138,44
DA:139,116
DA:140,22
DA:144,47
DA:145,44
DA:148,76
DA:150,69
DA:151,96
DA:154,32
DA:158,18
DA:161,51
DA:162,112
DA:163,13
DA:166,111
DA:167,97
DA:168,52
DA:169,58
DA:170,56
DA:171,64
DA:172,62
DA:173,26
DA:174,86
DA:175,13
DA:176,13
DA:180,59
DA:181,105
DA:183,125
DA:184,56
DA:185,68
DA:186,98
DA:187,84
DA:188,80
DA:189,30
DA:190,116
DA:191,17
DA:193,13
DA:194,13
DA:196,65
DA:197,46
DA:198,125
DA:199,30
DA:200,18
DA:201,9
DA:202,9
DA:204,33
DA:207,38
DA:208,69
DA:209,44
DA:210,72
DA:211,46
DA:212,46
DA:213,94
DA:214,80
DA:215,10
DA:216,12
DA:219,38
DA:220,1026
DA:234,86
DA:236,2
LF:160
LH:160
end_of_record
TN:
SF:src/llm/client.ts
FNF:2
FNH:2
DA:25,16
DA:26,41
DA:27,60
DA:28,34
DA:29,2
DA:31,63
LF:6
LH:6
end_of_record
TN:
SF:src/logger.ts
FNF:17
FNH:17
DA:1,212
DA:2,66
DA:3,80
DA:20,1
DA:22,45
DA:23,62
DA:24,94
DA:25,64
DA:27,112
DA:28,104
DA:31,31
DA:32,57
DA:33,80
DA:34,9
DA:37,61
DA:38,42
DA:39,84
DA:40,24
DA:41,28
DA:42,16
DA:43,12
DA:45,76
DA:46,24
DA:47,58
DA:48,24
DA:50,22
DA:51,80
DA:52,16
DA:57,47
DA:58,78
DA:61,46
DA:62,76
DA:65,46
DA:66,76
DA:69,47
DA:70,77
DA:72,2
DA:77,60
DA:78,28
DA:79,28
DA:80,23
DA:82,45
DA:83,62
DA:84,112
DA:85,74
DA:86,134
DA:89,31
DA:90,57
DA:91,80
DA:92,9
DA:95,18
DA:100,10
DA:101,22
DA:102,136
DA:103,16
DA:108,28
DA:109,49
DA:115,20
DA:116,22
DA:117,107
DA:118,123
DA:119,13
DA:120,37
DA:127,28
DA:128,114
DA:129,87
DA:131,48
DA:132,86
DA:134,65
DA:135,100
DA:136,26
DA:137,98
DA:138,80
DA:139,136
DA:140,50
DA:141,80
DA:142,54
DA:143,78
DA:144,78
DA:145,102
DA:146,20
DA:147,16
DA:150,9
DA:153,61
DA:154,129
DA:155,23
DA:161,32
DA:162,102
DA:163,73
DA:169,45
DA:170,114
DA:171,126
DA:173,22
DA:174,97
DA:175,113
DA:176,13
DA:177,22
DA:180,2
DA:206,45
DA:207,66
DA:208,36
DA:209,24
DA:210,60
DA:211,52
DA:212,50
DA:213,8
DA:215,57
DA:216,57
DA:217,80
DA:218,5
DA:219,4
LF:111
LH:111
end_of_record
TN:
SF:src/memory/sessions.ts
FNF:11
FNH:11
DA:1,76
DA:2,66
DA:3,68
DA:5,97
DA:11,1
DA:13,39
DA:14,128
DA:15,144
DA:16,130
DA:17,102
DA:18,44
DA:24,26
DA:25,378
DA:32,12
DA:34,654
DA:45,12
DA:47,190
DA:49,12
DA:55,38
DA:56,46
DA:57,46
DA:58,46
DA:59,46
DA:60,38
DA:61,24
DA:62,12
DA:64,24
DA:65,166
DA:66,164
DA:67,12
DA:69,35
DA:75,37
DA:76,54
DA:77,12
DA:80,78
DA:81,38
DA:83,74
DA:85,56
DA:86,12
DA:96,132
DA:97,38
DA:99,99
DA:100,34
DA:101,42
DA:102,54
DA:103,62
DA:104,143
DA:105,149
DA:106,15
DA:108,28
DA:109,48
DA:110,78
DA:111,78
DA:112,30
DA:113,106
DA:114,9
DA:120,62
DA:121,24
DA:122,256
DA:124,14
DA:125,34
DA:126,32
DA:127,38
DA:128,44
DA:129,48
DA:130,131
DA:131,133
DA:132,2
DA:133,12
DA:135,174
DA:141,40
DA:142,42
DA:143,12
DA:146,118
DA:147,30
DA:149,65
DA:150,34
DA:151,64
DA:152,64
DA:153,38
DA:154,92
DA:155,12
DA:161,40
DA:162,148
DA:163,132
DA:169,25
DA:170,40
DA:171,132
DA:172,20
DA:174,77
DA:180,21
DA:181,39
DA:183,2
LF:93
LH:93
end_of_record
TN:
SF:src/memory/store.ts
FNF:10
FNH:10
DA:1,76
DA:2,66
DA:3,67
DA:9,1
DA:11,39
DA:12,128
DA:13,144
DA:14,130
DA:15,102
DA:16,44
DA:22,26
DA:23,378
DA:30,12
DA:32,654
DA:43,12
DA:45,190
DA:47,12
DA:49,442
DA:57,12
DA:63,53
DA:64,54
DA:65,95
DA:66,86
DA:68,24
DA:69,240
DA:73,72
DA:74,12
DA:80,25
DA:81,40
DA:82,12
DA:83,104
DA:84,4
DA:85,26
DA:87,60
DA:90,115
DA:91,46
DA:92,27
DA:93,9
DA:95,63
DA:101,28
DA:102,118
DA:108,25
DA:109,65
DA:115,34
DA:116,47
DA:117,87
DA:118,57
DA:120,45
DA:121,107
DA:122,61
DA:124,63
DA:130,28
DA:131,208
DA:132,28
DA:133,14
DA:134,49
DA:140,21
DA:141,39
DA:143,2
LF:59
LH:59
end_of_record
TN:
SF:src/sessions/registry.ts
FNF:25
FNH:25
DA:3,85
DA:37,1
DA:39,53
DA:40,157
DA:46,35
DA:47,86
DA:48,60
DA:50,54
DA:51,64
DA:52,20
DA:53,56
DA:54,56
DA:55,52
DA:56,20
DA:57,12
DA:60,65
DA:61,89
DA:62,12
DA:64,65
DA:65,107
DA:66,109
DA:67,48
DA:68,13
DA:69,10
DA:70,12
DA:72,102
DA:73,92
DA:76,83
DA:77,84
DA:78,9
DA:80,44
DA:86,59
DA:87,98
DA:88,39
DA:89,74
DA:92,173
DA:93,70
DA:94,9
DA:95,9
DA:97,86
DA:99,53
DA:100,22
DA:101,5
DA:102,27
DA:104,108
DA:105,41
DA:106,50
DA:107,23
DA:114,33
DA:115,69
DA:116,89
DA:117,9
DA:119,72
DA:120,11
DA:121,9
DA:123,60
DA:126,90
DA:127,79
DA:128,73
DA:129,109
DA:130,48
DA:131,13
DA:132,13
DA:134,68
DA:135,10
DA:141,28
DA:142,93
DA:143,69
DA:144,9
DA:150,32
DA:151,90
DA:152,61
DA:158,34
DA:159,61
DA:165,30
DA:166,79
DA:172,35
DA:173,82
DA:174,103
DA:180,31
DA:181,57
DA:187,32
DA:188,84
DA:189,39
DA:190,68
DA:191,62
DA:192,70
DA:195,83
DA:196,92
DA:197,141
DA:198,9
DA:199,9
DA:205,24
DA:206,105
DA:207,64
DA:208,9
DA:209,52
DA:210,60
DA:211,64
DA:217,39
DA:218,78
DA:224,39
DA:225,78
DA:231,61
DA:232,84
DA:233,39
DA:234,84
DA:235,70
DA:236,9
DA:242,36
DA:243,105
DA:244,69
DA:245,29
DA:246,5
DA:247,9
DA:248,31
DA:254,47
DA:255,97
DA:256,107
DA:257,8
DA:259,2
LF:121
LH:121
end_of_record
TN:
SF:src/skills/executor.ts
FNF:6
FNH:6
DA:1,36
DA:3,52
DA:8,28
DA:9,5
DA:14,18
DA:15,32
DA:18,49
DA:21,68
DA:22,46
DA:23,4
DA:26,72
DA:28,16
DA:35,29
DA:36,44
DA:37,59
DA:39,32
DA:40,14
DA:41,4
DA:44,44
DA:45,25
DA:47,35
DA:48,33
DA:49,31
DA:51,13
DA:55,61
DA:56,72
DA:57,57
DA:58,23
DA:60,62
DA:61,78
DA:63,4
DA:65,15
DA:71,26
DA:72,40
DA:73,12
DA:74,4
DA:77,66
DA:78,64
DA:80,23
DA:81,38
DA:82,66
DA:83,19
DA:84,4
DA:85,4
DA:88,23
DA:90,1
LF:46
LH:46
end_of_record
TN:
SF:src/skills/loader.ts
FNF:11
FNH:10
DA:1,104
DA:2,68
DA:3,58
DA:5,99
DA:10,39
DA:11,42
DA:16,75
DA:18,128
DA:19,146
DA:20,124
DA:21,96
DA:24,134
DA:25,102
DA:28,128
DA:29,161
DA:30,106
DA:31,15
DA:38,39
DA:39,22
DA:41,102
DA:42,26
DA:43,76
DA:44,91
DA:45,30
DA:46,32
DA:50,58
DA:53,118
DA:54,139
DA:55,80
DA:56,13
DA:59,98
DA:60,131
DA:62,94
DA:63,91
DA:64,84
DA:65,13
DA:66,13
DA:69,54
DA:70,81
DA:71,94
DA:72,13
DA:73,68
DA:74,22
DA:82,45
DA:83,22
DA:84,108
DA:85,164
DA:88,100
DA:89,94
DA:92,108
DA:93,91
DA:94,120
DA:95,130
DA:96,13
DA:98,118
DA:99,46
DA:100,89
DA:101,52
DA:102,95
DA:103,90
DA:104,96
DA:105,17
DA:106,67
DA:107,60
DA:108,13
DA:109,112
DA:110,52
DA:111,117
DA:112,74
DA:113,96
DA:114,17
DA:115,67
DA:116,60
DA:117,13
DA:118,14
DA:120,118
DA:121,107
DA:122,71
DA:123,75
DA:124,35
DA:125,31
DA:127,46
DA:128,26
DA:129,40
DA:130,42
DA:131,42
DA:132,144
DA:133,126
DA:134,66
DA:135,74
DA:136,66
DA:137,66
DA:138,66
DA:139,28
DA:140,16
DA:142,70
DA:143,32
DA:144,42
DA:145,138
DA:146,35
DA:153,32
DA:154,63
DA:160,25
DA:161,85
DA:167,38
DA:168,72
DA:169,52
DA:170,69
DA:171,87
DA:172,58
DA:173,9
DA:174,9
DA:175,41
DA:181,36
DA:182,72
DA:183,86
DA:185,132
DA:186,69
DA:187,133
DA:188,128
DA:189,9
DA:190,48
DA:192,2
LF:123
LH:123
end_of_record
TN:
SF:src/tools/bash.ts
FNF:4
FNH:3
DA:7,53
DA:8,41
DA:11,62
DA:12,24
DA:13,34
DA:14,416
DA:15,38
DA:16,42
DA:17,42
DA:18,40
DA:19,50
DA:20,154
DA:21,20
DA:22,32
DA:23,50
DA:24,134
DA:25,20
DA:26,40
DA:27,50
DA:28,126
DA:29,14
DA:30,16
DA:31,50
DA:32,6
DA:33,22
DA:36,48
DA:38,108
DA:40,88
DA:42,78
DA:44,98
DA:46,188
DA:48,22
DA:50,218
DA:52,30
DA:54,158
DA:55,22
DA:58,48
DA:60,92
DA:62,52
DA:64,96
DA:66,86
DA:68,136
DA:69,126
DA:70,98
DA:71,154
DA:73,176
DA:74,40
DA:75,112
DA:76,78
DA:77,104
DA:79,64
DA:80,108
DA:82,68
DA:84,48
DA:86,98
DA:88,122
DA:90,72
DA:92,92
DA:94,62
DA:96,76
DA:97,22
DA:99,58
DA:100,68
DA:101,86
DA:102,86
DA:105,103
DA:106,71
DA:107,269
DA:108,9
DA:109,9
DA:112,112
DA:113,52
DA:114,103
DA:115,125
DA:116,50
DA:117,17
DA:118,9
DA:119,9
DA:121,45
DA:122,353
DA:123,9
DA:125,22
DA:126,114
DA:127,24
DA:128,46
DA:129,40
DA:130,18
DA:133,126
DA:135,104
DA:136,82
DA:137,76
DA:138,18
DA:140,60
DA:142,82
DA:144,57
DA:145,119
DA:146,13
DA:148,143
DA:149,21
DA:150,87
DA:153,2
DA:155,52
DA:156,24
DA:157,3
LF:104
LH:104
end_of_record
TN:
SF:src/tools/connector.ts
FNF:20
FNH:19
DA:3,53
DA:4,88
DA:5,95
DA:9,48
DA:10,54
DA:16,62
DA:17,60
DA:18,35
DA:20,26
DA:21,128
DA:22,124
DA:28,42
DA:29,70
DA:30,126
DA:33,76
DA:34,50
DA:35,70
DA:36,84
DA:37,40
DA:38,12
DA:40,124
DA:42,67
DA:43,26
DA:44,78
DA:45,73
DA:46,93
DA:47,38
DA:48,21
DA:50,86
DA:51,40
DA:52,34
DA:53,76
DA:54,19
DA:55,40
DA:58,67
DA:59,38
DA:60,21
DA:62,104
DA:64,129
DA:65,70
DA:66,17
DA:67,16
DA:68,23
DA:71,9
DA:73,78
DA:79,52
DA:81,119
DA:82,33
DA:83,75
DA:85,54
DA:87,14
DA:88,9
DA:91,48
DA:92,65
DA:93,93
DA:94,52
DA:95,9
DA:96,9
DA:98,63
DA:100,46
DA:101,75
DA:102,86
DA:103,13
DA:104,58
DA:105,9
DA:108,52
DA:109,65
DA:110,112
DA:111,47
DA:112,70
DA:113,106
DA:114,9
DA:115,9
DA:117,42
DA:123,56
DA:124,28
DA:125,22
DA:126,20
DA:127,78
DA:128,38
DA:129,170
DA:130,16
DA:131,30
DA:132,46
DA:133,82
DA:134,10
DA:135,14
DA:138,37
DA:139,68
DA:141,22
DA:143,54
DA:144,113
DA:145,119
DA:146,16
DA:148,86
DA:149,92
DA:150,40
DA:151,18
DA:153,47
DA:154,60
DA:155,13
DA:157,71
DA:158,92
DA:159,19
DA:160,13
DA:163,126
DA:164,96
DA:165,13
DA:166,57
DA:173,51
DA:174,22
DA:176,120
DA:177,104
DA:180,120
DA:183,176
DA:184,88
DA:186,26
DA:187,122
DA:188,73
DA:189,86
DA:190,16
DA:191,27
DA:195,32
DA:196,26
DA:197,24
DA:198,40
DA:199,34
DA:200,34
DA:201,50
DA:202,86
DA:203,14
DA:204,9
DA:205,13
DA:206,24
DA:214,59
DA:215,48
DA:216,74
DA:220,54
DA:222,65
DA:223,109
DA:224,52
DA:225,23
DA:226,13
DA:228,79
DA:229,120
DA:230,43
DA:231,98
DA:233,181
DA:234,38
DA:235,21
DA:236,54
DA:237,52
DA:238,88
DA:239,42
DA:240,42
DA:241,22
DA:242,13
DA:243,13
DA:246,135
DA:247,50
DA:248,9
DA:249,9
DA:252,67
DA:253,28
DA:254,184
DA:255,130
DA:256,12
DA:257,9
DA:259,37
DA:265,43
DA:266,111
DA:267,92
DA:268,108
DA:269,76
DA:270,9
DA:276,44
DA:277,56
DA:278,89
DA:279,64
DA:280,9
DA:282,70
DA:283,89
DA:284,130
DA:285,9
DA:288,28
DA:289,54
DA:290,188
DA:291,42
DA:292,46
DA:293,46
DA:294,44
DA:295,54
DA:296,178
DA:297,24
DA:298,38
DA:299,52
DA:300,120
DA:301,132
DA:302,24
DA:303,44
DA:304,54
DA:305,146
DA:306,18
DA:307,20
DA:308,54
DA:309,10
DA:310,9
DA:316,48
DA:317,54
DA:318,72
DA:319,72
DA:320,84
DA:323,142
DA:326,112
DA:327,31
DA:328,34
DA:329,62
DA:330,49
DA:331,7
DA:332,13
DA:335,145
DA:336,80
DA:337,13
DA:339,26
DA:340,112
DA:342,64
DA:343,57
DA:344,80
DA:345,17
DA:347,157
DA:348,23
DA:349,94
DA:357,36
DA:358,71
DA:364,29
DA:365,92
DA:367,2
DA:369,52
DA:370,30
DA:371,3
LF:240
LH:240
end_of_record
TN:
SF:src/tools/filesystem.ts
FNF:13
FNH:12
DA:3,97
DA:4,82
DA:5,58
DA:8,65
DA:13,33
DA:14,109
DA:20,42
DA:21,92
DA:22,66
DA:23,90
DA:24,102
DA:31,75
DA:35,65
DA:36,43
DA:37,66
DA:38,9
DA:39,112
DA:40,116
DA:41,112
DA:42,126
DA:48,46
DA:49,81
DA:56,32
DA:57,34
DA:58,94
DA:59,38
DA:60,42
DA:61,42
DA:62,34
DA:63,50
DA:64,148
DA:65,20
DA:66,32
DA:67,50
DA:68,150
DA:69,20
DA:70,38
DA:71,50
DA:72,136
DA:73,20
DA:74,36
DA:75,50
DA:76,108
DA:77,14
DA:78,16
DA:79,44
DA:80,6
DA:81,22
DA:83,66
DA:84,94
DA:85,92
DA:86,86
DA:87,60
DA:89,22
DA:90,68
DA:91,69
DA:92,85
DA:93,13
DA:95,80
DA:96,76
DA:98,88
DA:99,106
DA:100,120
DA:103,64
DA:104,109
DA:105,182
DA:106,13
DA:107,96
DA:109,75
DA:110,21
DA:111,103
DA:119,34
DA:120,36
DA:121,350
DA:122,38
DA:123,42
DA:124,42
DA:125,42
DA:126,50
DA:127,156
DA:128,20
DA:129,40
DA:130,50
DA:131,86
DA:132,14
DA:133,16
DA:134,74
DA:135,6
DA:136,22
DA:138,68
DA:139,100
DA:140,68
DA:143,78
DA:145,83
DA:146,77
DA:147,9
DA:150,70
DA:151,52
DA:152,42
DA:153,54
DA:154,106
DA:157,60
DA:158,87
DA:159,9
DA:161,22
DA:163,64
DA:164,86
DA:166,74
DA:167,261
DA:168,21
DA:169,103
DA:177,32
DA:178,34
DA:179,108
DA:180,38
DA:181,42
DA:182,42
DA:183,40
DA:184,50
DA:185,138
DA:186,20
DA:187,34
DA:188,50
DA:189,120
DA:190,20
DA:191,32
DA:192,50
DA:193,150
DA:194,14
DA:195,16
DA:196,50
DA:197,6
DA:198,22
DA:200,66
DA:201,68
DA:202,94
DA:203,118
DA:205,22
DA:206,74
DA:207,50
DA:209,131
DA:210,54
DA:211,96
DA:212,13
DA:214,69
DA:215,87
DA:216,13
DA:218,53
DA:219,21
DA:220,103
DA:228,32
DA:229,34
DA:230,98
DA:231,38
DA:232,42
DA:233,42
DA:234,40
DA:235,50
DA:236,100
DA:237,20
DA:238,34
DA:239,50
DA:240,106
DA:241,20
DA:242,32
DA:243,50
DA:244,150
DA:245,20
DA:246,34
DA:247,50
DA:248,132
DA:249,20
DA:250,52
DA:251,52
DA:252,122
DA:253,14
DA:254,16
DA:255,50
DA:256,6
DA:257,22
DA:259,66
DA:260,68
DA:261,94
DA:262,118
DA:263,90
DA:264,110
DA:266,22
DA:268,85
DA:269,94
DA:270,50
DA:272,82
DA:274,131
DA:275,96
DA:277,30
DA:278,116
DA:279,84
DA:281,101
DA:282,81
DA:283,134
DA:284,118
DA:285,21
DA:286,19
DA:287,24
DA:291,94
DA:292,13
DA:294,69
DA:295,57
DA:296,13
DA:298,53
DA:299,21
DA:300,87
DA:303,2
DA:305,52
DA:306,32
DA:307,30
DA:308,3
LF:216
LH:216
end_of_record
TN:
SF:src/tools/image.ts
FNF:6
FNH:5
DA:1,128
DA:2,66
DA:3,66
DA:4,68
DA:7,87
DA:12,35
DA:14,124
DA:15,140
DA:17,46
DA:18,20
DA:19,84
DA:20,50
DA:21,50
DA:22,8
DA:24,69
DA:25,22
DA:26,140
DA:27,71
DA:28,29
DA:29,11
DA:30,13
DA:31,18
DA:33,5
DA:35,26
DA:41,78
DA:42,24
DA:43,52
DA:44,282
DA:45,38
DA:46,42
DA:47,42
DA:48,34
DA:49,50
DA:50,122
DA:51,20
DA:52,36
DA:53,50
DA:54,162
DA:55,20
DA:56,38
DA:57,50
DA:58,108
DA:59,14
DA:60,16
DA:61,44
DA:62,6
DA:63,22
DA:65,58
DA:66,66
DA:67,60
DA:68,64
DA:71,78
DA:72,34
DA:73,74
DA:74,9
DA:76,60
DA:77,48
DA:80,159
DA:81,26
DA:82,96
DA:83,46
DA:84,71
DA:85,17
DA:87,142
DA:88,99
DA:89,163
DA:90,17
DA:92,104
DA:93,140
DA:94,146
DA:95,106
DA:96,56
DA:97,23
DA:98,112
DA:100,9
DA:103,69
DA:104,105
DA:105,9
DA:107,22
DA:109,44
DA:111,30
DA:112,37
DA:113,13
DA:114,32
DA:115,38
DA:116,13
DA:117,54
DA:120,142
DA:122,71
DA:123,110
DA:124,129
DA:125,7
DA:129,46
DA:133,21
DA:134,35
DA:135,7
DA:137,120
DA:138,21
DA:139,97
DA:140,14
DA:142,93
DA:143,30
DA:144,60
DA:145,20
DA:148,18
DA:151,2
DA:156,50
DA:157,43
DA:158,143
DA:160,2
DA:162,52
DA:163,22
DA:164,3
LF:113
LH:113
end_of_record
TN:
SF:src/tools/registry.ts
FNF:10
FNH:9
DA:20,41
DA:21,35
DA:26,52
DA:27,100
DA:33,34
DA:34,56
DA:40,24
DA:41,42
DA:42,95
DA:43,54
DA:44,9
DA:45,31
DA:51,31
DA:52,73
DA:58,31
DA:59,66
DA:65,39
DA:66,106
DA:68,47
DA:69,32
DA:70,64
DA:71,120
DA:72,38
DA:73,7
DA:74,9
DA:76,22
DA:77,126
DA:78,32
DA:79,64
DA:80,48
DA:81,40
DA:82,10
DA:83,42
DA:84,32
DA:85,64
DA:86,204
DA:87,38
DA:88,20
DA:95,44
DA:96,42
DA:97,73
DA:98,70
DA:99,9
DA:100,57
DA:102,1
LF:45
LH:45
end_of_record
TN:
SF:src/tools/web.ts
FNF:18
FNH:17
DA:2,111
DA:5,55
DA:6,42
DA:12,70
DA:13,24
DA:14,44
DA:15,276
DA:16,38
DA:17,42
DA:18,42
DA:19,32
DA:20,50
DA:21,104
DA:22,20
DA:23,50
DA:24,50
DA:25,228
DA:26,82
DA:27,46
DA:28,20
DA:29,40
DA:30,50
DA:31,126
DA:32,14
DA:33,16
DA:34,42
DA:35,6
DA:36,22
DA:38,58
DA:39,52
DA:40,106
DA:41,86
DA:43,22
DA:44,54
DA:45,48
DA:46,52
DA:48,43
DA:50,92
DA:51,131
DA:52,109
DA:53,17
DA:56,88
DA:57,111
DA:58,181
DA:59,17
DA:61,94
DA:62,150
DA:64,92
DA:65,72
DA:66,58
DA:67,44
DA:68,108
DA:69,255
DA:70,18
DA:71,22
DA:73,64
DA:75,135
DA:76,120
DA:77,42
DA:78,68
DA:79,21
DA:80,50
DA:81,63
DA:82,79
DA:83,21
DA:84,128
DA:85,25
DA:86,17
DA:88,17
DA:89,13
DA:91,70
DA:92,69
DA:93,13
DA:95,138
DA:97,73
DA:98,30
DA:99,90
DA:100,84
DA:101,34
DA:102,100
DA:104,13
DA:106,82
DA:108,73
DA:110,82
DA:111,47
DA:112,58
DA:113,17
DA:114,29
DA:115,13
DA:118,90
DA:121,60
DA:122,66
DA:123,65
DA:124,13
DA:126,108
DA:127,42
DA:128,73
DA:129,87
DA:130,113
DA:131,9
DA:132,39
DA:133,7
DA:134,46
DA:137,2
DA:142,72
DA:143,24
DA:144,46
DA:145,274
DA:146,38
DA:147,42
DA:148,42
DA:149,36
DA:150,50
DA:151,78
DA:152,20
DA:153,48
DA:154,50
DA:155,160
DA:156,14
DA:157,16
DA:158,46
DA:159,6
DA:160,22
DA:162,58
DA:163,60
DA:164,120
DA:166,22
DA:168,182
DA:170,98
DA:171,40
DA:172,104
DA:173,54
DA:174,14
DA:175,18
DA:177,44
DA:178,73
DA:179,13
DA:181,82
DA:184,126
DA:186,60
DA:187,47
DA:188,13
DA:191,104
DA:192,97
DA:193,58
DA:194,82
DA:195,64
DA:196,51
DA:197,72
DA:198,17
DA:199,38
DA:200,13
DA:202,47
DA:203,21
DA:204,87
DA:207,1
DA:212,47
DA:214,32
DA:215,98
DA:216,94
DA:217,106
DA:218,86
DA:219,98
DA:220,102
DA:223,24
DA:224,124
DA:225,56
DA:226,50
DA:227,48
DA:228,46
DA:229,46
DA:230,50
DA:231,48
DA:232,42
DA:233,48
DA:234,18
DA:236,25
DA:242,74
DA:243,42
DA:246,278
DA:248,24
DA:249,171
DA:250,140
DA:251,42
DA:252,22
DA:253,77
DA:254,26
DA:255,43
DA:257,68
DA:258,122
DA:260,127
DA:261,84
DA:262,5
DA:263,5
DA:266,61
DA:267,206
DA:268,175
DA:269,54
DA:270,72
DA:271,53
DA:272,96
DA:273,9
DA:274,5
DA:275,5
DA:277,32
DA:283,62
DA:284,24
DA:285,34
DA:286,230
DA:287,38
DA:288,42
DA:289,42
DA:290,32
DA:291,50
DA:292,78
DA:293,20
DA:294,38
DA:295,50
DA:296,160
DA:297,98
DA:298,44
DA:299,20
DA:300,40
DA:301,50
DA:302,128
DA:303,20
DA:304,34
DA:305,50
DA:306,114
DA:307,14
DA:308,16
DA:309,42
DA:310,6
DA:311,22
DA:313,58
DA:314,52
DA:315,82
DA:316,80
DA:317,56
DA:318,66
DA:320,22
DA:321,54
DA:322,48
DA:323,52
DA:325,43
DA:326,92
DA:327,131
DA:328,109
DA:329,17
DA:332,88
DA:333,111
DA:334,181
DA:335,17
DA:337,94
DA:338,132
DA:340,92
DA:341,34
DA:342,72
DA:343,58
DA:344,44
DA:345,114
DA:346,34
DA:347,24
DA:348,143
DA:349,22
DA:351,64
DA:353,135
DA:354,103
DA:355,143
DA:356,11
DA:357,60
DA:358,28
DA:359,68
DA:360,11
DA:361,25
DA:362,32
DA:363,45
DA:364,11
DA:365,64
DA:366,17
DA:367,17
DA:369,17
DA:370,13
DA:372,138
DA:373,46
DA:375,109
DA:376,30
DA:377,90
DA:378,108
DA:379,17
DA:380,58
DA:382,16
DA:383,45
DA:385,50
DA:386,57
DA:387,20
DA:391,60
DA:392,82
DA:393,81
DA:394,13
DA:396,148
DA:397,126
DA:398,42
DA:399,73
DA:400,87
DA:401,103
DA:402,9
DA:403,39
DA:404,7
DA:405,46
DA:408,2
DA:413,46
DA:414,43
DA:415,128
DA:416,132
DA:417,111
DA:419,2
DA:422,50
DA:424,56
DA:425,57
DA:428,64
DA:429,67
DA:430,25
DA:431,5
DA:433,86
DA:434,85
DA:435,27
DA:436,5
DA:438,18
DA:439,112
DA:440,73
DA:441,87
DA:442,29
DA:443,9
DA:444,7
DA:445,12
DA:449,27
DA:452,47
DA:453,77
DA:454,77
DA:455,91
DA:458,53
DA:459,72
DA:460,105
DA:461,54
DA:462,5
DA:464,76
DA:465,48
DA:466,34
DA:467,5
DA:469,66
DA:470,25
DA:473,49
DA:474,82
DA:476,200
DA:477,214
DA:478,69
DA:480,73
DA:481,96
DA:482,58
DA:483,33
DA:484,9
DA:486,144
DA:487,41
DA:488,104
DA:489,102
DA:490,48
DA:491,48
DA:492,38
DA:493,46
DA:494,30
DA:495,16
DA:496,61
DA:497,5
DA:498,15
DA:499,5
DA:501,57
DA:502,173
DA:503,27
DA:504,5
DA:505,15
DA:506,5
DA:508,118
DA:509,58
DA:511,40
DA:512,65
DA:513,96
DA:514,80
DA:515,42
DA:516,5
DA:518,59
DA:521,45
DA:522,74
DA:523,76
DA:524,156
DA:525,120
DA:526,120
DA:527,154
DA:528,78
DA:529,28
DA:532,52
DA:533,36
DA:534,44
DA:535,50
DA:536,52
DA:537,28
DA:538,40
DA:539,32
DA:540,28
DA:541,3
LF:410
LH:410
end_of_record
TN:
SF:src/voice/stt.ts
FNF:5
FNH:5
DA:23,1
DA:25,51
DA:26,102
DA:27,92
DA:28,95
DA:34,48
DA:36,149
DA:42,30
DA:44,143
DA:46,1
LF:10
LH:10
end_of_record
TN:
SF:src/voice/tts.ts
FNF:5
FNH:5
DA:22,1
DA:24,41
DA:25,110
DA:26,70
DA:27,113
DA:33,34
DA:35,151
DA:41,29
DA:43,143
DA:45,1
LF:10
LH:10
end_of_record
TN:
SF:../shared/src/index.ts
FNF:1
FNH:1
DA:3,24
DA:4,23
LF:2
LH:2
end_of_record
TN:
SF:../shared/src/types.ts
FNF:0
FNH:0
LF:0
LH:0
end_of_record
TN:
SF:../shared/src/utils.ts
FNF:11
FNH:11
DA:1,41
DA:6,11
DA:7,20
DA:13,11
DA:14,18
DA:20,13
DA:21,55
DA:27,6
DA:28,9
DA:29,3
DA:30,67
DA:32,16
DA:33,35
DA:34,2
DA:36,49
DA:37,25
DA:40,38
DA:41,30
DA:42,41
DA:43,39
DA:45,49
DA:46,50
DA:49,42
DA:50,49
DA:51,77
DA:52,9
DA:53,29
DA:54,25
DA:55,24
DA:56,46
DA:57,7
DA:58,46
DA:59,26
DA:60,17
DA:61,15
DA:62,49
DA:63,38
DA:64,4
DA:65,52
DA:66,49
DA:67,13
DA:68,27
DA:69,10
DA:70,14
DA:71,12
DA:73,91
DA:74,31
DA:75,5
DA:77,27
DA:78,2
DA:80,56
DA:87,6
DA:88,10
DA:89,6
DA:90,10
DA:91,3
DA:92,24
DA:95,41
DA:96,78
DA:97,2
DA:100,58
DA:103,41
DA:104,63
DA:105,2
DA:108,62
DA:109,49
DA:110,4
DA:112,14
DA:118,41
DA:119,33
DA:120,56
DA:126,16
DA:127,40
DA:128,20
DA:129,20
DA:131,58
DA:132,18
DA:133,14
DA:134,2
DA:136,49
DA:142,13
DA:143,19
DA:144,55
DA:145,22
DA:146,74
LF:85
LH:85
end_of_record
